2017/05/17 16:23:10 INFO  - jmeter.util.JMeterUtils: Setting Locale to es_ES 
2017/05/17 16:23:10 INFO  - jmeter.util.JMeterUtils: Could not find resources for 'es_ES', using 'es' 
2017/05/17 16:23:10 INFO  - jmeter.JMeter: Loading user properties from: D:\Usuarios\Ibermatica\IdeaProjects\iberbank3\target\jmeter\bin\user.properties 
2017/05/17 16:23:10 INFO  - jmeter.JMeter: Loading system properties from: D:\Usuarios\Ibermatica\IdeaProjects\iberbank3\target\jmeter\bin\system.properties 
2017/05/17 16:23:10 INFO  - jmeter.JMeter: Copyright (c) 1998-2016 The Apache Software Foundation 
2017/05/17 16:23:10 INFO  - jmeter.JMeter: Version 3.1 r1770033 
2017/05/17 16:23:10 INFO  - jmeter.JMeter: java.version=1.8.0_111 
2017/05/17 16:23:10 INFO  - jmeter.JMeter: java.vm.name=Java HotSpot(TM) 64-Bit Server VM 
2017/05/17 16:23:10 INFO  - jmeter.JMeter: os.name=Windows 7 
2017/05/17 16:23:10 INFO  - jmeter.JMeter: os.arch=amd64 
2017/05/17 16:23:10 INFO  - jmeter.JMeter: os.version=6.1 
2017/05/17 16:23:10 INFO  - jmeter.JMeter: file.encoding=Cp1252 
2017/05/17 16:23:10 INFO  - jmeter.JMeter: Max memory     =514850816 
2017/05/17 16:23:10 INFO  - jmeter.JMeter: Available Processors =4 
2017/05/17 16:23:10 INFO  - jmeter.JMeter: Default Locale=español (España) 
2017/05/17 16:23:10 INFO  - jmeter.JMeter: JMeter  Locale=español (España) 
2017/05/17 16:23:10 INFO  - jmeter.JMeter: JMeterHome=D:\Usuarios\Ibermatica\IdeaProjects\iberbank3\target\jmeter 
2017/05/17 16:23:10 INFO  - jmeter.JMeter: user.dir  =D:\Usuarios\Ibermatica\IdeaProjects\iberbank3\target\jmeter\bin 
2017/05/17 16:23:10 INFO  - jmeter.JMeter: PWD       =D:\Usuarios\Ibermatica\IdeaProjects\iberbank3\target\jmeter\bin 
2017/05/17 16:23:10 INFO  - jmeter.JMeter: IP: 172.29.220.225 Name: LM22672P FullName: LM22672P.intranet.ibermatica 
2017/05/17 16:23:10 INFO  - jmeter.services.FileServer: Default base='D:\Usuarios\Ibermatica\IdeaProjects\iberbank3\target\jmeter\bin' 
2017/05/17 16:23:10 INFO  - jmeter.services.FileServer: Set new base='D:\Usuarios\Ibermatica\IdeaProjects\iberbank3\target\jmeter\testFiles' 
2017/05/17 16:23:11 INFO  - jmeter.save.SaveService: Testplan (JMX) version: 2.2. Testlog (JTL) version: 2.2 
2017/05/17 16:23:11 INFO  - jmeter.save.SaveService: Using SaveService properties file encoding UTF-8 
2017/05/17 16:23:11 INFO  - jmeter.save.SaveService: Using SaveService properties version 3.1 
2017/05/17 16:23:11 INFO  - jmeter.save.SaveService: All converter versions present and correct 
2017/05/17 16:23:11 INFO  - jmeter.save.SaveService: Loading file: D:\Usuarios\Ibermatica\IdeaProjects\iberbank3\target\jmeter\testFiles\parada111.jmx 
2017/05/17 16:23:11 INFO  - jmeter.protocol.http.sampler.HTTPSamplerBase: Parser for text/html is org.apache.jmeter.protocol.http.parser.LagartoBasedHtmlParser 
2017/05/17 16:23:11 INFO  - jmeter.protocol.http.sampler.HTTPSamplerBase: Parser for application/xhtml+xml is org.apache.jmeter.protocol.http.parser.LagartoBasedHtmlParser 
2017/05/17 16:23:11 INFO  - jmeter.protocol.http.sampler.HTTPSamplerBase: Parser for application/xml is org.apache.jmeter.protocol.http.parser.LagartoBasedHtmlParser 
2017/05/17 16:23:11 INFO  - jmeter.protocol.http.sampler.HTTPSamplerBase: Parser for text/xml is org.apache.jmeter.protocol.http.parser.LagartoBasedHtmlParser 
2017/05/17 16:23:11 INFO  - jmeter.protocol.http.sampler.HTTPSamplerBase: Parser for text/vnd.wap.wml is org.apache.jmeter.protocol.http.parser.RegexpHTMLParser 
2017/05/17 16:23:11 INFO  - jmeter.protocol.http.sampler.HTTPSamplerBase: Parser for text/css is org.apache.jmeter.protocol.http.parser.CssParser 
2017/05/17 16:23:11 INFO  - jmeter.JMeter: Creating summariser <summary> 
2017/05/17 16:23:11 INFO  - jmeter.engine.StandardJMeterEngine: Running the test! 
2017/05/17 16:23:11 INFO  - jmeter.samplers.SampleEvent: List of sample_variables: [] 
2017/05/17 16:23:11 INFO  - jmeter.samplers.SampleEvent: List of sample_variables: [] 
2017/05/17 16:23:11 INFO  - jmeter.engine.util.CompoundVariable: Note: Function class names must contain the string: '.functions.' 
2017/05/17 16:23:11 INFO  - jmeter.engine.util.CompoundVariable: Note: Function class names must not contain the string: '.gui.' 
2017/05/17 16:23:11 INFO  - jmeter.JMeter: Test lanzado (1495030991695) 
2017/05/17 16:23:11 INFO  - jmeter.engine.StandardJMeterEngine: Starting ThreadGroup: 1 : Thread Group 
2017/05/17 16:23:11 INFO  - jmeter.engine.StandardJMeterEngine: Starting 20 threads for group Thread Group. 
2017/05/17 16:23:11 INFO  - jmeter.engine.StandardJMeterEngine: Thread will continue on error 
2017/05/17 16:23:11 INFO  - jmeter.threads.ThreadGroup: Starting thread group number 1 threads 20 ramp-up 20 perThread 1000.0 delayedStart=false 
2017/05/17 16:23:11 INFO  - jmeter.threads.JMeterThread: Thread started: Thread Group 1-1 
2017/05/17 16:23:11 INFO  - jmeter.protocol.http.sampler.HTTPHCAbstractImpl: Local host = LM22672P 
2017/05/17 16:23:11 INFO  - jmeter.threads.ThreadGroup: Started thread group number 1 
2017/05/17 16:23:11 INFO  - jmeter.engine.StandardJMeterEngine: All thread groups have been started 
2017/05/17 16:23:11 INFO  - jmeter.protocol.http.sampler.HTTPHC4Impl: HTTP request retry count = 0 
2017/05/17 16:23:11 INFO  - jmeter.samplers.SampleResult: Note: Sample TimeStamps are START times 
2017/05/17 16:23:11 INFO  - jmeter.samplers.SampleResult: sampleresult.default.encoding is set to ISO-8859-1 
2017/05/17 16:23:11 INFO  - jmeter.samplers.SampleResult: sampleresult.useNanoTime=true 
2017/05/17 16:23:11 INFO  - jmeter.samplers.SampleResult: sampleresult.nanoThreadSleep=5000 
2017/05/17 16:23:12 INFO  - jmeter.threads.JMeterThread: Thread started: Thread Group 1-2 
2017/05/17 16:23:13 ERROR - jmeter.visualizers.JSR223Listener: Problem in JSR223 script JSR223 Listener javax.script.ScriptException: Both script file and script text are empty for element:JSR223 Listener
	at org.apache.jmeter.util.JSR223TestElement.processFileOrScript(JSR223TestElement.java:223)
	at org.apache.jmeter.visualizers.JSR223Listener.sampleOccurred(JSR223Listener.java:50)
	at org.apache.jmeter.threads.ListenerNotifier.notifyListeners(ListenerNotifier.java:67)
	at org.apache.jmeter.threads.JMeterThread.notifyListeners(JMeterThread.java:852)
	at org.apache.jmeter.threads.JMeterThread.executeSamplePackage(JMeterThread.java:505)
	at org.apache.jmeter.threads.JMeterThread.processSampler(JMeterThread.java:418)
	at org.apache.jmeter.threads.JMeterThread.run(JMeterThread.java:249)
	at java.lang.Thread.run(Thread.java:745)

2017/05/17 16:23:13 ERROR - jmeter.visualizers.JSR223Listener: Problem in JSR223 script JSR223 Listener javax.script.ScriptException: Both script file and script text are empty for element:JSR223 Listener
	at org.apache.jmeter.util.JSR223TestElement.processFileOrScript(JSR223TestElement.java:223)
	at org.apache.jmeter.visualizers.JSR223Listener.sampleOccurred(JSR223Listener.java:50)
	at org.apache.jmeter.threads.ListenerNotifier.notifyListeners(ListenerNotifier.java:67)
	at org.apache.jmeter.threads.JMeterThread.notifyListeners(JMeterThread.java:852)
	at org.apache.jmeter.threads.JMeterThread.executeSamplePackage(JMeterThread.java:505)
	at org.apache.jmeter.threads.JMeterThread.processSampler(JMeterThread.java:418)
	at org.apache.jmeter.threads.JMeterThread.run(JMeterThread.java:249)
	at java.lang.Thread.run(Thread.java:745)

2017/05/17 16:23:13 ERROR - jmeter.visualizers.JSR223Listener: Problem in JSR223 script JSR223 Listener javax.script.ScriptException: Both script file and script text are empty for element:JSR223 Listener
	at org.apache.jmeter.util.JSR223TestElement.processFileOrScript(JSR223TestElement.java:223)
	at org.apache.jmeter.visualizers.JSR223Listener.sampleOccurred(JSR223Listener.java:50)
	at org.apache.jmeter.threads.ListenerNotifier.notifyListeners(ListenerNotifier.java:67)
	at org.apache.jmeter.threads.JMeterThread.notifyListeners(JMeterThread.java:852)
	at org.apache.jmeter.threads.JMeterThread.executeSamplePackage(JMeterThread.java:505)
	at org.apache.jmeter.threads.JMeterThread.processSampler(JMeterThread.java:418)
	at org.apache.jmeter.threads.JMeterThread.run(JMeterThread.java:249)
	at java.lang.Thread.run(Thread.java:745)

2017/05/17 16:23:13 INFO  - jmeter.threads.JMeterThread: Thread started: Thread Group 1-3 
2017/05/17 16:23:14 ERROR - jmeter.visualizers.JSR223Listener: Problem in JSR223 script JSR223 Listener javax.script.ScriptException: Both script file and script text are empty for element:JSR223 Listener
	at org.apache.jmeter.util.JSR223TestElement.processFileOrScript(JSR223TestElement.java:223)
	at org.apache.jmeter.visualizers.JSR223Listener.sampleOccurred(JSR223Listener.java:50)
	at org.apache.jmeter.threads.ListenerNotifier.notifyListeners(ListenerNotifier.java:67)
	at org.apache.jmeter.threads.JMeterThread.notifyListeners(JMeterThread.java:852)
	at org.apache.jmeter.threads.JMeterThread.executeSamplePackage(JMeterThread.java:505)
	at org.apache.jmeter.threads.JMeterThread.processSampler(JMeterThread.java:418)
	at org.apache.jmeter.threads.JMeterThread.run(JMeterThread.java:249)
	at java.lang.Thread.run(Thread.java:745)

2017/05/17 16:23:14 INFO  - jmeter.threads.JMeterThread: Thread started: Thread Group 1-4 
2017/05/17 16:23:14 ERROR - jmeter.visualizers.JSR223Listener: Problem in JSR223 script JSR223 Listener javax.script.ScriptException: Both script file and script text are empty for element:JSR223 Listener
	at org.apache.jmeter.util.JSR223TestElement.processFileOrScript(JSR223TestElement.java:223)
	at org.apache.jmeter.visualizers.JSR223Listener.sampleOccurred(JSR223Listener.java:50)
	at org.apache.jmeter.threads.ListenerNotifier.notifyListeners(ListenerNotifier.java:67)
	at org.apache.jmeter.threads.JMeterThread.notifyListeners(JMeterThread.java:852)
	at org.apache.jmeter.threads.JMeterThread.executeSamplePackage(JMeterThread.java:505)
	at org.apache.jmeter.threads.JMeterThread.processSampler(JMeterThread.java:418)
	at org.apache.jmeter.threads.JMeterThread.run(JMeterThread.java:249)
	at java.lang.Thread.run(Thread.java:745)

2017/05/17 16:23:15 ERROR - jmeter.visualizers.JSR223Listener: Problem in JSR223 script JSR223 Listener javax.script.ScriptException: Both script file and script text are empty for element:JSR223 Listener
	at org.apache.jmeter.util.JSR223TestElement.processFileOrScript(JSR223TestElement.java:223)
	at org.apache.jmeter.visualizers.JSR223Listener.sampleOccurred(JSR223Listener.java:50)
	at org.apache.jmeter.threads.ListenerNotifier.notifyListeners(ListenerNotifier.java:67)
	at org.apache.jmeter.threads.JMeterThread.notifyListeners(JMeterThread.java:852)
	at org.apache.jmeter.threads.JMeterThread.executeSamplePackage(JMeterThread.java:505)
	at org.apache.jmeter.threads.JMeterThread.processSampler(JMeterThread.java:418)
	at org.apache.jmeter.threads.JMeterThread.run(JMeterThread.java:249)
	at java.lang.Thread.run(Thread.java:745)

2017/05/17 16:23:15 ERROR - jmeter.visualizers.JSR223Listener: Problem in JSR223 script JSR223 Listener javax.script.ScriptException: Both script file and script text are empty for element:JSR223 Listener
	at org.apache.jmeter.util.JSR223TestElement.processFileOrScript(JSR223TestElement.java:223)
	at org.apache.jmeter.visualizers.JSR223Listener.sampleOccurred(JSR223Listener.java:50)
	at org.apache.jmeter.threads.ListenerNotifier.notifyListeners(ListenerNotifier.java:67)
	at org.apache.jmeter.threads.JMeterThread.notifyListeners(JMeterThread.java:852)
	at org.apache.jmeter.threads.JMeterThread.executeSamplePackage(JMeterThread.java:505)
	at org.apache.jmeter.threads.JMeterThread.processSampler(JMeterThread.java:418)
	at org.apache.jmeter.threads.JMeterThread.run(JMeterThread.java:249)
	at java.lang.Thread.run(Thread.java:745)

2017/05/17 16:23:15 ERROR - jmeter.visualizers.JSR223Listener: Problem in JSR223 script JSR223 Listener javax.script.ScriptException: Both script file and script text are empty for element:JSR223 Listener
	at org.apache.jmeter.util.JSR223TestElement.processFileOrScript(JSR223TestElement.java:223)
	at org.apache.jmeter.visualizers.JSR223Listener.sampleOccurred(JSR223Listener.java:50)
	at org.apache.jmeter.threads.ListenerNotifier.notifyListeners(ListenerNotifier.java:67)
	at org.apache.jmeter.threads.JMeterThread.notifyListeners(JMeterThread.java:852)
	at org.apache.jmeter.threads.JMeterThread.executeSamplePackage(JMeterThread.java:505)
	at org.apache.jmeter.threads.JMeterThread.processSampler(JMeterThread.java:418)
	at org.apache.jmeter.threads.JMeterThread.run(JMeterThread.java:249)
	at java.lang.Thread.run(Thread.java:745)

2017/05/17 16:23:15 ERROR - jmeter.visualizers.JSR223Listener: Problem in JSR223 script JSR223 Listener javax.script.ScriptException: Both script file and script text are empty for element:JSR223 Listener
	at org.apache.jmeter.util.JSR223TestElement.processFileOrScript(JSR223TestElement.java:223)
	at org.apache.jmeter.visualizers.JSR223Listener.sampleOccurred(JSR223Listener.java:50)
	at org.apache.jmeter.threads.ListenerNotifier.notifyListeners(ListenerNotifier.java:67)
	at org.apache.jmeter.threads.JMeterThread.notifyListeners(JMeterThread.java:852)
	at org.apache.jmeter.threads.JMeterThread.executeSamplePackage(JMeterThread.java:505)
	at org.apache.jmeter.threads.JMeterThread.processSampler(JMeterThread.java:418)
	at org.apache.jmeter.threads.JMeterThread.run(JMeterThread.java:249)
	at java.lang.Thread.run(Thread.java:745)

2017/05/17 16:23:15 ERROR - jmeter.visualizers.JSR223Listener: Problem in JSR223 script JSR223 Listener javax.script.ScriptException: Both script file and script text are empty for element:JSR223 Listener
	at org.apache.jmeter.util.JSR223TestElement.processFileOrScript(JSR223TestElement.java:223)
	at org.apache.jmeter.visualizers.JSR223Listener.sampleOccurred(JSR223Listener.java:50)
	at org.apache.jmeter.threads.ListenerNotifier.notifyListeners(ListenerNotifier.java:67)
	at org.apache.jmeter.threads.JMeterThread.notifyListeners(JMeterThread.java:852)
	at org.apache.jmeter.threads.JMeterThread.executeSamplePackage(JMeterThread.java:505)
	at org.apache.jmeter.threads.JMeterThread.processSampler(JMeterThread.java:418)
	at org.apache.jmeter.threads.JMeterThread.run(JMeterThread.java:249)
	at java.lang.Thread.run(Thread.java:745)

2017/05/17 16:23:15 ERROR - jmeter.visualizers.JSR223Listener: Problem in JSR223 script JSR223 Listener javax.script.ScriptException: Both script file and script text are empty for element:JSR223 Listener
	at org.apache.jmeter.util.JSR223TestElement.processFileOrScript(JSR223TestElement.java:223)
	at org.apache.jmeter.visualizers.JSR223Listener.sampleOccurred(JSR223Listener.java:50)
	at org.apache.jmeter.threads.ListenerNotifier.notifyListeners(ListenerNotifier.java:67)
	at org.apache.jmeter.threads.JMeterThread.notifyListeners(JMeterThread.java:852)
	at org.apache.jmeter.threads.JMeterThread.executeSamplePackage(JMeterThread.java:505)
	at org.apache.jmeter.threads.JMeterThread.processSampler(JMeterThread.java:418)
	at org.apache.jmeter.threads.JMeterThread.run(JMeterThread.java:249)
	at java.lang.Thread.run(Thread.java:745)

2017/05/17 16:23:15 INFO  - jmeter.threads.JMeterThread: Thread started: Thread Group 1-5 
2017/05/17 16:23:15 ERROR - jmeter.visualizers.JSR223Listener: Problem in JSR223 script JSR223 Listener javax.script.ScriptException: Both script file and script text are empty for element:JSR223 Listener
	at org.apache.jmeter.util.JSR223TestElement.processFileOrScript(JSR223TestElement.java:223)
	at org.apache.jmeter.visualizers.JSR223Listener.sampleOccurred(JSR223Listener.java:50)
	at org.apache.jmeter.threads.ListenerNotifier.notifyListeners(ListenerNotifier.java:67)
	at org.apache.jmeter.threads.JMeterThread.notifyListeners(JMeterThread.java:852)
	at org.apache.jmeter.threads.JMeterThread.executeSamplePackage(JMeterThread.java:505)
	at org.apache.jmeter.threads.JMeterThread.processSampler(JMeterThread.java:418)
	at org.apache.jmeter.threads.JMeterThread.run(JMeterThread.java:249)
	at java.lang.Thread.run(Thread.java:745)

2017/05/17 16:23:16 ERROR - jmeter.visualizers.JSR223Listener: Problem in JSR223 script JSR223 Listener javax.script.ScriptException: Both script file and script text are empty for element:JSR223 Listener
	at org.apache.jmeter.util.JSR223TestElement.processFileOrScript(JSR223TestElement.java:223)
	at org.apache.jmeter.visualizers.JSR223Listener.sampleOccurred(JSR223Listener.java:50)
	at org.apache.jmeter.threads.ListenerNotifier.notifyListeners(ListenerNotifier.java:67)
	at org.apache.jmeter.threads.JMeterThread.notifyListeners(JMeterThread.java:852)
	at org.apache.jmeter.threads.JMeterThread.executeSamplePackage(JMeterThread.java:505)
	at org.apache.jmeter.threads.JMeterThread.processSampler(JMeterThread.java:418)
	at org.apache.jmeter.threads.JMeterThread.run(JMeterThread.java:249)
	at java.lang.Thread.run(Thread.java:745)

2017/05/17 16:23:16 ERROR - jmeter.visualizers.JSR223Listener: Problem in JSR223 script JSR223 Listener javax.script.ScriptException: Both script file and script text are empty for element:JSR223 Listener
	at org.apache.jmeter.util.JSR223TestElement.processFileOrScript(JSR223TestElement.java:223)
	at org.apache.jmeter.visualizers.JSR223Listener.sampleOccurred(JSR223Listener.java:50)
	at org.apache.jmeter.threads.ListenerNotifier.notifyListeners(ListenerNotifier.java:67)
	at org.apache.jmeter.threads.JMeterThread.notifyListeners(JMeterThread.java:852)
	at org.apache.jmeter.threads.JMeterThread.executeSamplePackage(JMeterThread.java:505)
	at org.apache.jmeter.threads.JMeterThread.processSampler(JMeterThread.java:418)
	at org.apache.jmeter.threads.JMeterThread.run(JMeterThread.java:249)
	at java.lang.Thread.run(Thread.java:745)

2017/05/17 16:23:16 ERROR - jmeter.visualizers.JSR223Listener: Problem in JSR223 script JSR223 Listener javax.script.ScriptException: Both script file and script text are empty for element:JSR223 Listener
	at org.apache.jmeter.util.JSR223TestElement.processFileOrScript(JSR223TestElement.java:223)
	at org.apache.jmeter.visualizers.JSR223Listener.sampleOccurred(JSR223Listener.java:50)
	at org.apache.jmeter.threads.ListenerNotifier.notifyListeners(ListenerNotifier.java:67)
	at org.apache.jmeter.threads.JMeterThread.notifyListeners(JMeterThread.java:852)
	at org.apache.jmeter.threads.JMeterThread.executeSamplePackage(JMeterThread.java:505)
	at org.apache.jmeter.threads.JMeterThread.processSampler(JMeterThread.java:418)
	at org.apache.jmeter.threads.JMeterThread.run(JMeterThread.java:249)
	at java.lang.Thread.run(Thread.java:745)

2017/05/17 16:23:16 INFO  - jmeter.threads.JMeterThread: Thread started: Thread Group 1-6 
2017/05/17 16:23:16 ERROR - jmeter.visualizers.JSR223Listener: Problem in JSR223 script JSR223 Listener javax.script.ScriptException: Both script file and script text are empty for element:JSR223 Listener
	at org.apache.jmeter.util.JSR223TestElement.processFileOrScript(JSR223TestElement.java:223)
	at org.apache.jmeter.visualizers.JSR223Listener.sampleOccurred(JSR223Listener.java:50)
	at org.apache.jmeter.threads.ListenerNotifier.notifyListeners(ListenerNotifier.java:67)
	at org.apache.jmeter.threads.JMeterThread.notifyListeners(JMeterThread.java:852)
	at org.apache.jmeter.threads.JMeterThread.executeSamplePackage(JMeterThread.java:505)
	at org.apache.jmeter.threads.JMeterThread.processSampler(JMeterThread.java:418)
	at org.apache.jmeter.threads.JMeterThread.run(JMeterThread.java:249)
	at java.lang.Thread.run(Thread.java:745)

2017/05/17 16:23:17 ERROR - jmeter.visualizers.JSR223Listener: Problem in JSR223 script JSR223 Listener javax.script.ScriptException: Both script file and script text are empty for element:JSR223 Listener
	at org.apache.jmeter.util.JSR223TestElement.processFileOrScript(JSR223TestElement.java:223)
	at org.apache.jmeter.visualizers.JSR223Listener.sampleOccurred(JSR223Listener.java:50)
	at org.apache.jmeter.threads.ListenerNotifier.notifyListeners(ListenerNotifier.java:67)
	at org.apache.jmeter.threads.JMeterThread.notifyListeners(JMeterThread.java:852)
	at org.apache.jmeter.threads.JMeterThread.executeSamplePackage(JMeterThread.java:505)
	at org.apache.jmeter.threads.JMeterThread.processSampler(JMeterThread.java:418)
	at org.apache.jmeter.threads.JMeterThread.run(JMeterThread.java:249)
	at java.lang.Thread.run(Thread.java:745)

2017/05/17 16:23:17 ERROR - jmeter.visualizers.JSR223Listener: Problem in JSR223 script JSR223 Listener javax.script.ScriptException: Both script file and script text are empty for element:JSR223 Listener
	at org.apache.jmeter.util.JSR223TestElement.processFileOrScript(JSR223TestElement.java:223)
	at org.apache.jmeter.visualizers.JSR223Listener.sampleOccurred(JSR223Listener.java:50)
	at org.apache.jmeter.threads.ListenerNotifier.notifyListeners(ListenerNotifier.java:67)
	at org.apache.jmeter.threads.JMeterThread.notifyListeners(JMeterThread.java:852)
	at org.apache.jmeter.threads.JMeterThread.executeSamplePackage(JMeterThread.java:505)
	at org.apache.jmeter.threads.JMeterThread.processSampler(JMeterThread.java:418)
	at org.apache.jmeter.threads.JMeterThread.run(JMeterThread.java:249)
	at java.lang.Thread.run(Thread.java:745)

2017/05/17 16:23:17 INFO  - jmeter.threads.JMeterThread: Thread started: Thread Group 1-7 
2017/05/17 16:23:17 ERROR - jmeter.visualizers.JSR223Listener: Problem in JSR223 script JSR223 Listener javax.script.ScriptException: Both script file and script text are empty for element:JSR223 Listener
	at org.apache.jmeter.util.JSR223TestElement.processFileOrScript(JSR223TestElement.java:223)
	at org.apache.jmeter.visualizers.JSR223Listener.sampleOccurred(JSR223Listener.java:50)
	at org.apache.jmeter.threads.ListenerNotifier.notifyListeners(ListenerNotifier.java:67)
	at org.apache.jmeter.threads.JMeterThread.notifyListeners(JMeterThread.java:852)
	at org.apache.jmeter.threads.JMeterThread.executeSamplePackage(JMeterThread.java:505)
	at org.apache.jmeter.threads.JMeterThread.processSampler(JMeterThread.java:418)
	at org.apache.jmeter.threads.JMeterThread.run(JMeterThread.java:249)
	at java.lang.Thread.run(Thread.java:745)

2017/05/17 16:23:18 ERROR - jmeter.visualizers.JSR223Listener: Problem in JSR223 script JSR223 Listener javax.script.ScriptException: Both script file and script text are empty for element:JSR223 Listener
	at org.apache.jmeter.util.JSR223TestElement.processFileOrScript(JSR223TestElement.java:223)
	at org.apache.jmeter.visualizers.JSR223Listener.sampleOccurred(JSR223Listener.java:50)
	at org.apache.jmeter.threads.ListenerNotifier.notifyListeners(ListenerNotifier.java:67)
	at org.apache.jmeter.threads.JMeterThread.notifyListeners(JMeterThread.java:852)
	at org.apache.jmeter.threads.JMeterThread.executeSamplePackage(JMeterThread.java:505)
	at org.apache.jmeter.threads.JMeterThread.processSampler(JMeterThread.java:418)
	at org.apache.jmeter.threads.JMeterThread.run(JMeterThread.java:249)
	at java.lang.Thread.run(Thread.java:745)

2017/05/17 16:23:18 ERROR - jmeter.visualizers.JSR223Listener: Problem in JSR223 script JSR223 Listener javax.script.ScriptException: Both script file and script text are empty for element:JSR223 Listener
	at org.apache.jmeter.util.JSR223TestElement.processFileOrScript(JSR223TestElement.java:223)
	at org.apache.jmeter.visualizers.JSR223Listener.sampleOccurred(JSR223Listener.java:50)
	at org.apache.jmeter.threads.ListenerNotifier.notifyListeners(ListenerNotifier.java:67)
	at org.apache.jmeter.threads.JMeterThread.notifyListeners(JMeterThread.java:852)
	at org.apache.jmeter.threads.JMeterThread.executeSamplePackage(JMeterThread.java:505)
	at org.apache.jmeter.threads.JMeterThread.processSampler(JMeterThread.java:418)
	at org.apache.jmeter.threads.JMeterThread.run(JMeterThread.java:249)
	at java.lang.Thread.run(Thread.java:745)

2017/05/17 16:23:18 INFO  - jmeter.threads.JMeterThread: Thread started: Thread Group 1-8 
2017/05/17 16:23:18 ERROR - jmeter.visualizers.JSR223Listener: Problem in JSR223 script JSR223 Listener javax.script.ScriptException: Both script file and script text are empty for element:JSR223 Listener
	at org.apache.jmeter.util.JSR223TestElement.processFileOrScript(JSR223TestElement.java:223)
	at org.apache.jmeter.visualizers.JSR223Listener.sampleOccurred(JSR223Listener.java:50)
	at org.apache.jmeter.threads.ListenerNotifier.notifyListeners(ListenerNotifier.java:67)
	at org.apache.jmeter.threads.JMeterThread.notifyListeners(JMeterThread.java:852)
	at org.apache.jmeter.threads.JMeterThread.executeSamplePackage(JMeterThread.java:505)
	at org.apache.jmeter.threads.JMeterThread.processSampler(JMeterThread.java:418)
	at org.apache.jmeter.threads.JMeterThread.run(JMeterThread.java:249)
	at java.lang.Thread.run(Thread.java:745)

2017/05/17 16:23:19 ERROR - jmeter.visualizers.JSR223Listener: Problem in JSR223 script JSR223 Listener javax.script.ScriptException: Both script file and script text are empty for element:JSR223 Listener
	at org.apache.jmeter.util.JSR223TestElement.processFileOrScript(JSR223TestElement.java:223)
	at org.apache.jmeter.visualizers.JSR223Listener.sampleOccurred(JSR223Listener.java:50)
	at org.apache.jmeter.threads.ListenerNotifier.notifyListeners(ListenerNotifier.java:67)
	at org.apache.jmeter.threads.JMeterThread.notifyListeners(JMeterThread.java:852)
	at org.apache.jmeter.threads.JMeterThread.executeSamplePackage(JMeterThread.java:505)
	at org.apache.jmeter.threads.JMeterThread.processSampler(JMeterThread.java:418)
	at org.apache.jmeter.threads.JMeterThread.run(JMeterThread.java:249)
	at java.lang.Thread.run(Thread.java:745)

2017/05/17 16:23:19 INFO  - jmeter.threads.JMeterThread: Thread started: Thread Group 1-9 
2017/05/17 16:23:19 ERROR - jmeter.visualizers.JSR223Listener: Problem in JSR223 script JSR223 Listener javax.script.ScriptException: Both script file and script text are empty for element:JSR223 Listener
	at org.apache.jmeter.util.JSR223TestElement.processFileOrScript(JSR223TestElement.java:223)
	at org.apache.jmeter.visualizers.JSR223Listener.sampleOccurred(JSR223Listener.java:50)
	at org.apache.jmeter.threads.ListenerNotifier.notifyListeners(ListenerNotifier.java:67)
	at org.apache.jmeter.threads.JMeterThread.notifyListeners(JMeterThread.java:852)
	at org.apache.jmeter.threads.JMeterThread.executeSamplePackage(JMeterThread.java:505)
	at org.apache.jmeter.threads.JMeterThread.processSampler(JMeterThread.java:418)
	at org.apache.jmeter.threads.JMeterThread.run(JMeterThread.java:249)
	at java.lang.Thread.run(Thread.java:745)

2017/05/17 16:23:19 ERROR - jmeter.visualizers.JSR223Listener: Problem in JSR223 script JSR223 Listener javax.script.ScriptException: Both script file and script text are empty for element:JSR223 Listener
	at org.apache.jmeter.util.JSR223TestElement.processFileOrScript(JSR223TestElement.java:223)
	at org.apache.jmeter.visualizers.JSR223Listener.sampleOccurred(JSR223Listener.java:50)
	at org.apache.jmeter.threads.ListenerNotifier.notifyListeners(ListenerNotifier.java:67)
	at org.apache.jmeter.threads.JMeterThread.notifyListeners(JMeterThread.java:852)
	at org.apache.jmeter.threads.JMeterThread.executeSamplePackage(JMeterThread.java:505)
	at org.apache.jmeter.threads.JMeterThread.processSampler(JMeterThread.java:418)
	at org.apache.jmeter.threads.JMeterThread.run(JMeterThread.java:249)
	at java.lang.Thread.run(Thread.java:745)

2017/05/17 16:23:20 ERROR - jmeter.visualizers.JSR223Listener: Problem in JSR223 script JSR223 Listener javax.script.ScriptException: Both script file and script text are empty for element:JSR223 Listener
	at org.apache.jmeter.util.JSR223TestElement.processFileOrScript(JSR223TestElement.java:223)
	at org.apache.jmeter.visualizers.JSR223Listener.sampleOccurred(JSR223Listener.java:50)
	at org.apache.jmeter.threads.ListenerNotifier.notifyListeners(ListenerNotifier.java:67)
	at org.apache.jmeter.threads.JMeterThread.notifyListeners(JMeterThread.java:852)
	at org.apache.jmeter.threads.JMeterThread.executeSamplePackage(JMeterThread.java:505)
	at org.apache.jmeter.threads.JMeterThread.processSampler(JMeterThread.java:418)
	at org.apache.jmeter.threads.JMeterThread.run(JMeterThread.java:249)
	at java.lang.Thread.run(Thread.java:745)

2017/05/17 16:23:20 ERROR - jmeter.visualizers.JSR223Listener: Problem in JSR223 script JSR223 Listener javax.script.ScriptException: Both script file and script text are empty for element:JSR223 Listener
	at org.apache.jmeter.util.JSR223TestElement.processFileOrScript(JSR223TestElement.java:223)
	at org.apache.jmeter.visualizers.JSR223Listener.sampleOccurred(JSR223Listener.java:50)
	at org.apache.jmeter.threads.ListenerNotifier.notifyListeners(ListenerNotifier.java:67)
	at org.apache.jmeter.threads.JMeterThread.notifyListeners(JMeterThread.java:852)
	at org.apache.jmeter.threads.JMeterThread.executeSamplePackage(JMeterThread.java:505)
	at org.apache.jmeter.threads.JMeterThread.processSampler(JMeterThread.java:418)
	at org.apache.jmeter.threads.JMeterThread.run(JMeterThread.java:249)
	at java.lang.Thread.run(Thread.java:745)

2017/05/17 16:23:20 ERROR - jmeter.visualizers.JSR223Listener: Problem in JSR223 script JSR223 Listener javax.script.ScriptException: Both script file and script text are empty for element:JSR223 Listener
	at org.apache.jmeter.util.JSR223TestElement.processFileOrScript(JSR223TestElement.java:223)
	at org.apache.jmeter.visualizers.JSR223Listener.sampleOccurred(JSR223Listener.java:50)
	at org.apache.jmeter.threads.ListenerNotifier.notifyListeners(ListenerNotifier.java:67)
	at org.apache.jmeter.threads.JMeterThread.notifyListeners(JMeterThread.java:852)
	at org.apache.jmeter.threads.JMeterThread.executeSamplePackage(JMeterThread.java:505)
	at org.apache.jmeter.threads.JMeterThread.processSampler(JMeterThread.java:418)
	at org.apache.jmeter.threads.JMeterThread.run(JMeterThread.java:249)
	at java.lang.Thread.run(Thread.java:745)

2017/05/17 16:23:20 ERROR - jmeter.visualizers.JSR223Listener: Problem in JSR223 script JSR223 Listener javax.script.ScriptException: Both script file and script text are empty for element:JSR223 Listener
	at org.apache.jmeter.util.JSR223TestElement.processFileOrScript(JSR223TestElement.java:223)
	at org.apache.jmeter.visualizers.JSR223Listener.sampleOccurred(JSR223Listener.java:50)
	at org.apache.jmeter.threads.ListenerNotifier.notifyListeners(ListenerNotifier.java:67)
	at org.apache.jmeter.threads.JMeterThread.notifyListeners(JMeterThread.java:852)
	at org.apache.jmeter.threads.JMeterThread.executeSamplePackage(JMeterThread.java:505)
	at org.apache.jmeter.threads.JMeterThread.processSampler(JMeterThread.java:418)
	at org.apache.jmeter.threads.JMeterThread.run(JMeterThread.java:249)
	at java.lang.Thread.run(Thread.java:745)

2017/05/17 16:23:20 ERROR - jmeter.visualizers.JSR223Listener: Problem in JSR223 script JSR223 Listener javax.script.ScriptException: Both script file and script text are empty for element:JSR223 Listener
	at org.apache.jmeter.util.JSR223TestElement.processFileOrScript(JSR223TestElement.java:223)
	at org.apache.jmeter.visualizers.JSR223Listener.sampleOccurred(JSR223Listener.java:50)
	at org.apache.jmeter.threads.ListenerNotifier.notifyListeners(ListenerNotifier.java:67)
	at org.apache.jmeter.threads.JMeterThread.notifyListeners(JMeterThread.java:852)
	at org.apache.jmeter.threads.JMeterThread.executeSamplePackage(JMeterThread.java:505)
	at org.apache.jmeter.threads.JMeterThread.processSampler(JMeterThread.java:418)
	at org.apache.jmeter.threads.JMeterThread.run(JMeterThread.java:249)
	at java.lang.Thread.run(Thread.java:745)

2017/05/17 16:23:20 ERROR - jmeter.visualizers.JSR223Listener: Problem in JSR223 script JSR223 Listener javax.script.ScriptException: Both script file and script text are empty for element:JSR223 Listener
	at org.apache.jmeter.util.JSR223TestElement.processFileOrScript(JSR223TestElement.java:223)
	at org.apache.jmeter.visualizers.JSR223Listener.sampleOccurred(JSR223Listener.java:50)
	at org.apache.jmeter.threads.ListenerNotifier.notifyListeners(ListenerNotifier.java:67)
	at org.apache.jmeter.threads.JMeterThread.notifyListeners(JMeterThread.java:852)
	at org.apache.jmeter.threads.JMeterThread.executeSamplePackage(JMeterThread.java:505)
	at org.apache.jmeter.threads.JMeterThread.processSampler(JMeterThread.java:418)
	at org.apache.jmeter.threads.JMeterThread.run(JMeterThread.java:249)
	at java.lang.Thread.run(Thread.java:745)

2017/05/17 16:23:20 INFO  - jmeter.threads.JMeterThread: Thread started: Thread Group 1-10 
2017/05/17 16:23:21 ERROR - jmeter.visualizers.JSR223Listener: Problem in JSR223 script JSR223 Listener javax.script.ScriptException: Both script file and script text are empty for element:JSR223 Listener
	at org.apache.jmeter.util.JSR223TestElement.processFileOrScript(JSR223TestElement.java:223)
	at org.apache.jmeter.visualizers.JSR223Listener.sampleOccurred(JSR223Listener.java:50)
	at org.apache.jmeter.threads.ListenerNotifier.notifyListeners(ListenerNotifier.java:67)
	at org.apache.jmeter.threads.JMeterThread.notifyListeners(JMeterThread.java:852)
	at org.apache.jmeter.threads.JMeterThread.executeSamplePackage(JMeterThread.java:505)
	at org.apache.jmeter.threads.JMeterThread.processSampler(JMeterThread.java:418)
	at org.apache.jmeter.threads.JMeterThread.run(JMeterThread.java:249)
	at java.lang.Thread.run(Thread.java:745)

2017/05/17 16:23:21 ERROR - jmeter.visualizers.JSR223Listener: Problem in JSR223 script JSR223 Listener javax.script.ScriptException: Both script file and script text are empty for element:JSR223 Listener
	at org.apache.jmeter.util.JSR223TestElement.processFileOrScript(JSR223TestElement.java:223)
	at org.apache.jmeter.visualizers.JSR223Listener.sampleOccurred(JSR223Listener.java:50)
	at org.apache.jmeter.threads.ListenerNotifier.notifyListeners(ListenerNotifier.java:67)
	at org.apache.jmeter.threads.JMeterThread.notifyListeners(JMeterThread.java:852)
	at org.apache.jmeter.threads.JMeterThread.executeSamplePackage(JMeterThread.java:505)
	at org.apache.jmeter.threads.JMeterThread.processSampler(JMeterThread.java:418)
	at org.apache.jmeter.threads.JMeterThread.run(JMeterThread.java:249)
	at java.lang.Thread.run(Thread.java:745)

2017/05/17 16:23:21 ERROR - jmeter.visualizers.JSR223Listener: Problem in JSR223 script JSR223 Listener javax.script.ScriptException: Both script file and script text are empty for element:JSR223 Listener
	at org.apache.jmeter.util.JSR223TestElement.processFileOrScript(JSR223TestElement.java:223)
	at org.apache.jmeter.visualizers.JSR223Listener.sampleOccurred(JSR223Listener.java:50)
	at org.apache.jmeter.threads.ListenerNotifier.notifyListeners(ListenerNotifier.java:67)
	at org.apache.jmeter.threads.JMeterThread.notifyListeners(JMeterThread.java:852)
	at org.apache.jmeter.threads.JMeterThread.executeSamplePackage(JMeterThread.java:505)
	at org.apache.jmeter.threads.JMeterThread.processSampler(JMeterThread.java:418)
	at org.apache.jmeter.threads.JMeterThread.run(JMeterThread.java:249)
	at java.lang.Thread.run(Thread.java:745)

2017/05/17 16:23:21 ERROR - jmeter.visualizers.JSR223Listener: Problem in JSR223 script JSR223 Listener javax.script.ScriptException: Both script file and script text are empty for element:JSR223 Listener
	at org.apache.jmeter.util.JSR223TestElement.processFileOrScript(JSR223TestElement.java:223)
	at org.apache.jmeter.visualizers.JSR223Listener.sampleOccurred(JSR223Listener.java:50)
	at org.apache.jmeter.threads.ListenerNotifier.notifyListeners(ListenerNotifier.java:67)
	at org.apache.jmeter.threads.JMeterThread.notifyListeners(JMeterThread.java:852)
	at org.apache.jmeter.threads.JMeterThread.executeSamplePackage(JMeterThread.java:505)
	at org.apache.jmeter.threads.JMeterThread.processSampler(JMeterThread.java:418)
	at org.apache.jmeter.threads.JMeterThread.run(JMeterThread.java:249)
	at java.lang.Thread.run(Thread.java:745)

2017/05/17 16:23:21 INFO  - jmeter.threads.JMeterThread: Thread started: Thread Group 1-11 
2017/05/17 16:23:21 ERROR - jmeter.visualizers.JSR223Listener: Problem in JSR223 script JSR223 Listener javax.script.ScriptException: Both script file and script text are empty for element:JSR223 Listener
	at org.apache.jmeter.util.JSR223TestElement.processFileOrScript(JSR223TestElement.java:223)
	at org.apache.jmeter.visualizers.JSR223Listener.sampleOccurred(JSR223Listener.java:50)
	at org.apache.jmeter.threads.ListenerNotifier.notifyListeners(ListenerNotifier.java:67)
	at org.apache.jmeter.threads.JMeterThread.notifyListeners(JMeterThread.java:852)
	at org.apache.jmeter.threads.JMeterThread.executeSamplePackage(JMeterThread.java:505)
	at org.apache.jmeter.threads.JMeterThread.processSampler(JMeterThread.java:418)
	at org.apache.jmeter.threads.JMeterThread.run(JMeterThread.java:249)
	at java.lang.Thread.run(Thread.java:745)

2017/05/17 16:23:22 ERROR - jmeter.visualizers.JSR223Listener: Problem in JSR223 script JSR223 Listener javax.script.ScriptException: Both script file and script text are empty for element:JSR223 Listener
	at org.apache.jmeter.util.JSR223TestElement.processFileOrScript(JSR223TestElement.java:223)
	at org.apache.jmeter.visualizers.JSR223Listener.sampleOccurred(JSR223Listener.java:50)
	at org.apache.jmeter.threads.ListenerNotifier.notifyListeners(ListenerNotifier.java:67)
	at org.apache.jmeter.threads.JMeterThread.notifyListeners(JMeterThread.java:852)
	at org.apache.jmeter.threads.JMeterThread.executeSamplePackage(JMeterThread.java:505)
	at org.apache.jmeter.threads.JMeterThread.processSampler(JMeterThread.java:418)
	at org.apache.jmeter.threads.JMeterThread.run(JMeterThread.java:249)
	at java.lang.Thread.run(Thread.java:745)

2017/05/17 16:23:22 INFO  - jmeter.threads.JMeterThread: Thread started: Thread Group 1-12 
2017/05/17 16:23:22 ERROR - jmeter.visualizers.JSR223Listener: Problem in JSR223 script JSR223 Listener javax.script.ScriptException: Both script file and script text are empty for element:JSR223 Listener
	at org.apache.jmeter.util.JSR223TestElement.processFileOrScript(JSR223TestElement.java:223)
	at org.apache.jmeter.visualizers.JSR223Listener.sampleOccurred(JSR223Listener.java:50)
	at org.apache.jmeter.threads.ListenerNotifier.notifyListeners(ListenerNotifier.java:67)
	at org.apache.jmeter.threads.JMeterThread.notifyListeners(JMeterThread.java:852)
	at org.apache.jmeter.threads.JMeterThread.executeSamplePackage(JMeterThread.java:505)
	at org.apache.jmeter.threads.JMeterThread.processSampler(JMeterThread.java:418)
	at org.apache.jmeter.threads.JMeterThread.run(JMeterThread.java:249)
	at java.lang.Thread.run(Thread.java:745)

2017/05/17 16:23:22 ERROR - jmeter.visualizers.JSR223Listener: Problem in JSR223 script JSR223 Listener javax.script.ScriptException: Both script file and script text are empty for element:JSR223 Listener
	at org.apache.jmeter.util.JSR223TestElement.processFileOrScript(JSR223TestElement.java:223)
	at org.apache.jmeter.visualizers.JSR223Listener.sampleOccurred(JSR223Listener.java:50)
	at org.apache.jmeter.threads.ListenerNotifier.notifyListeners(ListenerNotifier.java:67)
	at org.apache.jmeter.threads.JMeterThread.notifyListeners(JMeterThread.java:852)
	at org.apache.jmeter.threads.JMeterThread.executeSamplePackage(JMeterThread.java:505)
	at org.apache.jmeter.threads.JMeterThread.processSampler(JMeterThread.java:418)
	at org.apache.jmeter.threads.JMeterThread.run(JMeterThread.java:249)
	at java.lang.Thread.run(Thread.java:745)

2017/05/17 16:23:22 ERROR - jmeter.visualizers.JSR223Listener: Problem in JSR223 script JSR223 Listener javax.script.ScriptException: Both script file and script text are empty for element:JSR223 Listener
	at org.apache.jmeter.util.JSR223TestElement.processFileOrScript(JSR223TestElement.java:223)
	at org.apache.jmeter.visualizers.JSR223Listener.sampleOccurred(JSR223Listener.java:50)
	at org.apache.jmeter.threads.ListenerNotifier.notifyListeners(ListenerNotifier.java:67)
	at org.apache.jmeter.threads.JMeterThread.notifyListeners(JMeterThread.java:852)
	at org.apache.jmeter.threads.JMeterThread.executeSamplePackage(JMeterThread.java:505)
	at org.apache.jmeter.threads.JMeterThread.processSampler(JMeterThread.java:418)
	at org.apache.jmeter.threads.JMeterThread.run(JMeterThread.java:249)
	at java.lang.Thread.run(Thread.java:745)

2017/05/17 16:23:23 ERROR - jmeter.visualizers.JSR223Listener: Problem in JSR223 script JSR223 Listener javax.script.ScriptException: Both script file and script text are empty for element:JSR223 Listener
	at org.apache.jmeter.util.JSR223TestElement.processFileOrScript(JSR223TestElement.java:223)
	at org.apache.jmeter.visualizers.JSR223Listener.sampleOccurred(JSR223Listener.java:50)
	at org.apache.jmeter.threads.ListenerNotifier.notifyListeners(ListenerNotifier.java:67)
	at org.apache.jmeter.threads.JMeterThread.notifyListeners(JMeterThread.java:852)
	at org.apache.jmeter.threads.JMeterThread.executeSamplePackage(JMeterThread.java:505)
	at org.apache.jmeter.threads.JMeterThread.processSampler(JMeterThread.java:418)
	at org.apache.jmeter.threads.JMeterThread.run(JMeterThread.java:249)
	at java.lang.Thread.run(Thread.java:745)

2017/05/17 16:23:23 ERROR - jmeter.visualizers.JSR223Listener: Problem in JSR223 script JSR223 Listener javax.script.ScriptException: Both script file and script text are empty for element:JSR223 Listener
	at org.apache.jmeter.util.JSR223TestElement.processFileOrScript(JSR223TestElement.java:223)
	at org.apache.jmeter.visualizers.JSR223Listener.sampleOccurred(JSR223Listener.java:50)
	at org.apache.jmeter.threads.ListenerNotifier.notifyListeners(ListenerNotifier.java:67)
	at org.apache.jmeter.threads.JMeterThread.notifyListeners(JMeterThread.java:852)
	at org.apache.jmeter.threads.JMeterThread.executeSamplePackage(JMeterThread.java:505)
	at org.apache.jmeter.threads.JMeterThread.processSampler(JMeterThread.java:418)
	at org.apache.jmeter.threads.JMeterThread.run(JMeterThread.java:249)
	at java.lang.Thread.run(Thread.java:745)

2017/05/17 16:23:23 ERROR - jmeter.visualizers.JSR223Listener: Problem in JSR223 script JSR223 Listener javax.script.ScriptException: Both script file and script text are empty for element:JSR223 Listener
	at org.apache.jmeter.util.JSR223TestElement.processFileOrScript(JSR223TestElement.java:223)
	at org.apache.jmeter.visualizers.JSR223Listener.sampleOccurred(JSR223Listener.java:50)
	at org.apache.jmeter.threads.ListenerNotifier.notifyListeners(ListenerNotifier.java:67)
	at org.apache.jmeter.threads.JMeterThread.notifyListeners(JMeterThread.java:852)
	at org.apache.jmeter.threads.JMeterThread.executeSamplePackage(JMeterThread.java:505)
	at org.apache.jmeter.threads.JMeterThread.processSampler(JMeterThread.java:418)
	at org.apache.jmeter.threads.JMeterThread.run(JMeterThread.java:249)
	at java.lang.Thread.run(Thread.java:745)

2017/05/17 16:23:23 ERROR - jmeter.visualizers.JSR223Listener: Problem in JSR223 script JSR223 Listener javax.script.ScriptException: Both script file and script text are empty for element:JSR223 Listener
	at org.apache.jmeter.util.JSR223TestElement.processFileOrScript(JSR223TestElement.java:223)
	at org.apache.jmeter.visualizers.JSR223Listener.sampleOccurred(JSR223Listener.java:50)
	at org.apache.jmeter.threads.ListenerNotifier.notifyListeners(ListenerNotifier.java:67)
	at org.apache.jmeter.threads.JMeterThread.notifyListeners(JMeterThread.java:852)
	at org.apache.jmeter.threads.JMeterThread.executeSamplePackage(JMeterThread.java:505)
	at org.apache.jmeter.threads.JMeterThread.processSampler(JMeterThread.java:418)
	at org.apache.jmeter.threads.JMeterThread.run(JMeterThread.java:249)
	at java.lang.Thread.run(Thread.java:745)

2017/05/17 16:23:23 INFO  - jmeter.threads.JMeterThread: Thread started: Thread Group 1-13 
2017/05/17 16:23:24 ERROR - jmeter.visualizers.JSR223Listener: Problem in JSR223 script JSR223 Listener javax.script.ScriptException: Both script file and script text are empty for element:JSR223 Listener
	at org.apache.jmeter.util.JSR223TestElement.processFileOrScript(JSR223TestElement.java:223)
	at org.apache.jmeter.visualizers.JSR223Listener.sampleOccurred(JSR223Listener.java:50)
	at org.apache.jmeter.threads.ListenerNotifier.notifyListeners(ListenerNotifier.java:67)
	at org.apache.jmeter.threads.JMeterThread.notifyListeners(JMeterThread.java:852)
	at org.apache.jmeter.threads.JMeterThread.executeSamplePackage(JMeterThread.java:505)
	at org.apache.jmeter.threads.JMeterThread.processSampler(JMeterThread.java:418)
	at org.apache.jmeter.threads.JMeterThread.run(JMeterThread.java:249)
	at java.lang.Thread.run(Thread.java:745)

2017/05/17 16:23:24 ERROR - jmeter.visualizers.JSR223Listener: Problem in JSR223 script JSR223 Listener javax.script.ScriptException: Both script file and script text are empty for element:JSR223 Listener
	at org.apache.jmeter.util.JSR223TestElement.processFileOrScript(JSR223TestElement.java:223)
	at org.apache.jmeter.visualizers.JSR223Listener.sampleOccurred(JSR223Listener.java:50)
	at org.apache.jmeter.threads.ListenerNotifier.notifyListeners(ListenerNotifier.java:67)
	at org.apache.jmeter.threads.JMeterThread.notifyListeners(JMeterThread.java:852)
	at org.apache.jmeter.threads.JMeterThread.executeSamplePackage(JMeterThread.java:505)
	at org.apache.jmeter.threads.JMeterThread.processSampler(JMeterThread.java:418)
	at org.apache.jmeter.threads.JMeterThread.run(JMeterThread.java:249)
	at java.lang.Thread.run(Thread.java:745)

2017/05/17 16:23:24 ERROR - jmeter.visualizers.JSR223Listener: Problem in JSR223 script JSR223 Listener javax.script.ScriptException: Both script file and script text are empty for element:JSR223 Listener
	at org.apache.jmeter.util.JSR223TestElement.processFileOrScript(JSR223TestElement.java:223)
	at org.apache.jmeter.visualizers.JSR223Listener.sampleOccurred(JSR223Listener.java:50)
	at org.apache.jmeter.threads.ListenerNotifier.notifyListeners(ListenerNotifier.java:67)
	at org.apache.jmeter.threads.JMeterThread.notifyListeners(JMeterThread.java:852)
	at org.apache.jmeter.threads.JMeterThread.executeSamplePackage(JMeterThread.java:505)
	at org.apache.jmeter.threads.JMeterThread.processSampler(JMeterThread.java:418)
	at org.apache.jmeter.threads.JMeterThread.run(JMeterThread.java:249)
	at java.lang.Thread.run(Thread.java:745)

2017/05/17 16:23:24 ERROR - jmeter.visualizers.JSR223Listener: Problem in JSR223 script JSR223 Listener javax.script.ScriptException: Both script file and script text are empty for element:JSR223 Listener
	at org.apache.jmeter.util.JSR223TestElement.processFileOrScript(JSR223TestElement.java:223)
	at org.apache.jmeter.visualizers.JSR223Listener.sampleOccurred(JSR223Listener.java:50)
	at org.apache.jmeter.threads.ListenerNotifier.notifyListeners(ListenerNotifier.java:67)
	at org.apache.jmeter.threads.JMeterThread.notifyListeners(JMeterThread.java:852)
	at org.apache.jmeter.threads.JMeterThread.executeSamplePackage(JMeterThread.java:505)
	at org.apache.jmeter.threads.JMeterThread.processSampler(JMeterThread.java:418)
	at org.apache.jmeter.threads.JMeterThread.run(JMeterThread.java:249)
	at java.lang.Thread.run(Thread.java:745)

2017/05/17 16:23:24 ERROR - jmeter.visualizers.JSR223Listener: Problem in JSR223 script JSR223 Listener javax.script.ScriptException: Both script file and script text are empty for element:JSR223 Listener
	at org.apache.jmeter.util.JSR223TestElement.processFileOrScript(JSR223TestElement.java:223)
	at org.apache.jmeter.visualizers.JSR223Listener.sampleOccurred(JSR223Listener.java:50)
	at org.apache.jmeter.threads.ListenerNotifier.notifyListeners(ListenerNotifier.java:67)
	at org.apache.jmeter.threads.JMeterThread.notifyListeners(JMeterThread.java:852)
	at org.apache.jmeter.threads.JMeterThread.executeSamplePackage(JMeterThread.java:505)
	at org.apache.jmeter.threads.JMeterThread.processSampler(JMeterThread.java:418)
	at org.apache.jmeter.threads.JMeterThread.run(JMeterThread.java:249)
	at java.lang.Thread.run(Thread.java:745)

2017/05/17 16:23:24 ERROR - jmeter.visualizers.JSR223Listener: Problem in JSR223 script JSR223 Listener javax.script.ScriptException: Both script file and script text are empty for element:JSR223 Listener
	at org.apache.jmeter.util.JSR223TestElement.processFileOrScript(JSR223TestElement.java:223)
	at org.apache.jmeter.visualizers.JSR223Listener.sampleOccurred(JSR223Listener.java:50)
	at org.apache.jmeter.threads.ListenerNotifier.notifyListeners(ListenerNotifier.java:67)
	at org.apache.jmeter.threads.JMeterThread.notifyListeners(JMeterThread.java:852)
	at org.apache.jmeter.threads.JMeterThread.executeSamplePackage(JMeterThread.java:505)
	at org.apache.jmeter.threads.JMeterThread.processSampler(JMeterThread.java:418)
	at org.apache.jmeter.threads.JMeterThread.run(JMeterThread.java:249)
	at java.lang.Thread.run(Thread.java:745)

2017/05/17 16:23:24 INFO  - jmeter.threads.JMeterThread: Thread started: Thread Group 1-14 
2017/05/17 16:23:25 ERROR - jmeter.visualizers.JSR223Listener: Problem in JSR223 script JSR223 Listener javax.script.ScriptException: Both script file and script text are empty for element:JSR223 Listener
	at org.apache.jmeter.util.JSR223TestElement.processFileOrScript(JSR223TestElement.java:223)
	at org.apache.jmeter.visualizers.JSR223Listener.sampleOccurred(JSR223Listener.java:50)
	at org.apache.jmeter.threads.ListenerNotifier.notifyListeners(ListenerNotifier.java:67)
	at org.apache.jmeter.threads.JMeterThread.notifyListeners(JMeterThread.java:852)
	at org.apache.jmeter.threads.JMeterThread.executeSamplePackage(JMeterThread.java:505)
	at org.apache.jmeter.threads.JMeterThread.processSampler(JMeterThread.java:418)
	at org.apache.jmeter.threads.JMeterThread.run(JMeterThread.java:249)
	at java.lang.Thread.run(Thread.java:745)

2017/05/17 16:23:25 INFO  - jmeter.threads.JMeterThread: Thread started: Thread Group 1-15 
2017/05/17 16:23:25 ERROR - jmeter.visualizers.JSR223Listener: Problem in JSR223 script JSR223 Listener javax.script.ScriptException: Both script file and script text are empty for element:JSR223 Listener
	at org.apache.jmeter.util.JSR223TestElement.processFileOrScript(JSR223TestElement.java:223)
	at org.apache.jmeter.visualizers.JSR223Listener.sampleOccurred(JSR223Listener.java:50)
	at org.apache.jmeter.threads.ListenerNotifier.notifyListeners(ListenerNotifier.java:67)
	at org.apache.jmeter.threads.JMeterThread.notifyListeners(JMeterThread.java:852)
	at org.apache.jmeter.threads.JMeterThread.executeSamplePackage(JMeterThread.java:505)
	at org.apache.jmeter.threads.JMeterThread.processSampler(JMeterThread.java:418)
	at org.apache.jmeter.threads.JMeterThread.run(JMeterThread.java:249)
	at java.lang.Thread.run(Thread.java:745)

2017/05/17 16:23:26 ERROR - jmeter.visualizers.JSR223Listener: Problem in JSR223 script JSR223 Listener javax.script.ScriptException: Both script file and script text are empty for element:JSR223 Listener
	at org.apache.jmeter.util.JSR223TestElement.processFileOrScript(JSR223TestElement.java:223)
	at org.apache.jmeter.visualizers.JSR223Listener.sampleOccurred(JSR223Listener.java:50)
	at org.apache.jmeter.threads.ListenerNotifier.notifyListeners(ListenerNotifier.java:67)
	at org.apache.jmeter.threads.JMeterThread.notifyListeners(JMeterThread.java:852)
	at org.apache.jmeter.threads.JMeterThread.executeSamplePackage(JMeterThread.java:505)
	at org.apache.jmeter.threads.JMeterThread.processSampler(JMeterThread.java:418)
	at org.apache.jmeter.threads.JMeterThread.run(JMeterThread.java:249)
	at java.lang.Thread.run(Thread.java:745)

2017/05/17 16:23:26 ERROR - jmeter.visualizers.JSR223Listener: Problem in JSR223 script JSR223 Listener javax.script.ScriptException: Both script file and script text are empty for element:JSR223 Listener
	at org.apache.jmeter.util.JSR223TestElement.processFileOrScript(JSR223TestElement.java:223)
	at org.apache.jmeter.visualizers.JSR223Listener.sampleOccurred(JSR223Listener.java:50)
	at org.apache.jmeter.threads.ListenerNotifier.notifyListeners(ListenerNotifier.java:67)
	at org.apache.jmeter.threads.JMeterThread.notifyListeners(JMeterThread.java:852)
	at org.apache.jmeter.threads.JMeterThread.executeSamplePackage(JMeterThread.java:505)
	at org.apache.jmeter.threads.JMeterThread.processSampler(JMeterThread.java:418)
	at org.apache.jmeter.threads.JMeterThread.run(JMeterThread.java:249)
	at java.lang.Thread.run(Thread.java:745)

2017/05/17 16:23:26 ERROR - jmeter.visualizers.JSR223Listener: Problem in JSR223 script JSR223 Listener javax.script.ScriptException: Both script file and script text are empty for element:JSR223 Listener
	at org.apache.jmeter.util.JSR223TestElement.processFileOrScript(JSR223TestElement.java:223)
	at org.apache.jmeter.visualizers.JSR223Listener.sampleOccurred(JSR223Listener.java:50)
	at org.apache.jmeter.threads.ListenerNotifier.notifyListeners(ListenerNotifier.java:67)
	at org.apache.jmeter.threads.JMeterThread.notifyListeners(JMeterThread.java:852)
	at org.apache.jmeter.threads.JMeterThread.executeSamplePackage(JMeterThread.java:505)
	at org.apache.jmeter.threads.JMeterThread.processSampler(JMeterThread.java:418)
	at org.apache.jmeter.threads.JMeterThread.run(JMeterThread.java:249)
	at java.lang.Thread.run(Thread.java:745)

2017/05/17 16:23:26 INFO  - jmeter.threads.JMeterThread: Thread started: Thread Group 1-16 
2017/05/17 16:23:26 ERROR - jmeter.visualizers.JSR223Listener: Problem in JSR223 script JSR223 Listener javax.script.ScriptException: Both script file and script text are empty for element:JSR223 Listener
	at org.apache.jmeter.util.JSR223TestElement.processFileOrScript(JSR223TestElement.java:223)
	at org.apache.jmeter.visualizers.JSR223Listener.sampleOccurred(JSR223Listener.java:50)
	at org.apache.jmeter.threads.ListenerNotifier.notifyListeners(ListenerNotifier.java:67)
	at org.apache.jmeter.threads.JMeterThread.notifyListeners(JMeterThread.java:852)
	at org.apache.jmeter.threads.JMeterThread.executeSamplePackage(JMeterThread.java:505)
	at org.apache.jmeter.threads.JMeterThread.processSampler(JMeterThread.java:418)
	at org.apache.jmeter.threads.JMeterThread.run(JMeterThread.java:249)
	at java.lang.Thread.run(Thread.java:745)

2017/05/17 16:23:27 ERROR - jmeter.visualizers.JSR223Listener: Problem in JSR223 script JSR223 Listener javax.script.ScriptException: Both script file and script text are empty for element:JSR223 Listener
	at org.apache.jmeter.util.JSR223TestElement.processFileOrScript(JSR223TestElement.java:223)
	at org.apache.jmeter.visualizers.JSR223Listener.sampleOccurred(JSR223Listener.java:50)
	at org.apache.jmeter.threads.ListenerNotifier.notifyListeners(ListenerNotifier.java:67)
	at org.apache.jmeter.threads.JMeterThread.notifyListeners(JMeterThread.java:852)
	at org.apache.jmeter.threads.JMeterThread.executeSamplePackage(JMeterThread.java:505)
	at org.apache.jmeter.threads.JMeterThread.processSampler(JMeterThread.java:418)
	at org.apache.jmeter.threads.JMeterThread.run(JMeterThread.java:249)
	at java.lang.Thread.run(Thread.java:745)

2017/05/17 16:23:27 INFO  - jmeter.threads.JMeterThread: Thread started: Thread Group 1-17 
2017/05/17 16:23:28 ERROR - jmeter.visualizers.JSR223Listener: Problem in JSR223 script JSR223 Listener javax.script.ScriptException: Both script file and script text are empty for element:JSR223 Listener
	at org.apache.jmeter.util.JSR223TestElement.processFileOrScript(JSR223TestElement.java:223)
	at org.apache.jmeter.visualizers.JSR223Listener.sampleOccurred(JSR223Listener.java:50)
	at org.apache.jmeter.threads.ListenerNotifier.notifyListeners(ListenerNotifier.java:67)
	at org.apache.jmeter.threads.JMeterThread.notifyListeners(JMeterThread.java:852)
	at org.apache.jmeter.threads.JMeterThread.executeSamplePackage(JMeterThread.java:505)
	at org.apache.jmeter.threads.JMeterThread.processSampler(JMeterThread.java:418)
	at org.apache.jmeter.threads.JMeterThread.run(JMeterThread.java:249)
	at java.lang.Thread.run(Thread.java:745)

2017/05/17 16:23:28 ERROR - jmeter.visualizers.JSR223Listener: Problem in JSR223 script JSR223 Listener javax.script.ScriptException: Both script file and script text are empty for element:JSR223 Listener
	at org.apache.jmeter.util.JSR223TestElement.processFileOrScript(JSR223TestElement.java:223)
	at org.apache.jmeter.visualizers.JSR223Listener.sampleOccurred(JSR223Listener.java:50)
	at org.apache.jmeter.threads.ListenerNotifier.notifyListeners(ListenerNotifier.java:67)
	at org.apache.jmeter.threads.JMeterThread.notifyListeners(JMeterThread.java:852)
	at org.apache.jmeter.threads.JMeterThread.executeSamplePackage(JMeterThread.java:505)
	at org.apache.jmeter.threads.JMeterThread.processSampler(JMeterThread.java:418)
	at org.apache.jmeter.threads.JMeterThread.run(JMeterThread.java:249)
	at java.lang.Thread.run(Thread.java:745)

2017/05/17 16:23:28 ERROR - jmeter.visualizers.JSR223Listener: Problem in JSR223 script JSR223 Listener javax.script.ScriptException: Both script file and script text are empty for element:JSR223 Listener
	at org.apache.jmeter.util.JSR223TestElement.processFileOrScript(JSR223TestElement.java:223)
	at org.apache.jmeter.visualizers.JSR223Listener.sampleOccurred(JSR223Listener.java:50)
	at org.apache.jmeter.threads.ListenerNotifier.notifyListeners(ListenerNotifier.java:67)
	at org.apache.jmeter.threads.JMeterThread.notifyListeners(JMeterThread.java:852)
	at org.apache.jmeter.threads.JMeterThread.executeSamplePackage(JMeterThread.java:505)
	at org.apache.jmeter.threads.JMeterThread.processSampler(JMeterThread.java:418)
	at org.apache.jmeter.threads.JMeterThread.run(JMeterThread.java:249)
	at java.lang.Thread.run(Thread.java:745)

2017/05/17 16:23:28 ERROR - jmeter.visualizers.JSR223Listener: Problem in JSR223 script JSR223 Listener javax.script.ScriptException: Both script file and script text are empty for element:JSR223 Listener
	at org.apache.jmeter.util.JSR223TestElement.processFileOrScript(JSR223TestElement.java:223)
	at org.apache.jmeter.visualizers.JSR223Listener.sampleOccurred(JSR223Listener.java:50)
	at org.apache.jmeter.threads.ListenerNotifier.notifyListeners(ListenerNotifier.java:67)
	at org.apache.jmeter.threads.JMeterThread.notifyListeners(JMeterThread.java:852)
	at org.apache.jmeter.threads.JMeterThread.executeSamplePackage(JMeterThread.java:505)
	at org.apache.jmeter.threads.JMeterThread.processSampler(JMeterThread.java:418)
	at org.apache.jmeter.threads.JMeterThread.run(JMeterThread.java:249)
	at java.lang.Thread.run(Thread.java:745)

2017/05/17 16:23:28 ERROR - jmeter.visualizers.JSR223Listener: Problem in JSR223 script JSR223 Listener javax.script.ScriptException: Both script file and script text are empty for element:JSR223 Listener
	at org.apache.jmeter.util.JSR223TestElement.processFileOrScript(JSR223TestElement.java:223)
	at org.apache.jmeter.visualizers.JSR223Listener.sampleOccurred(JSR223Listener.java:50)
	at org.apache.jmeter.threads.ListenerNotifier.notifyListeners(ListenerNotifier.java:67)
	at org.apache.jmeter.threads.JMeterThread.notifyListeners(JMeterThread.java:852)
	at org.apache.jmeter.threads.JMeterThread.executeSamplePackage(JMeterThread.java:505)
	at org.apache.jmeter.threads.JMeterThread.processSampler(JMeterThread.java:418)
	at org.apache.jmeter.threads.JMeterThread.run(JMeterThread.java:249)
	at java.lang.Thread.run(Thread.java:745)

2017/05/17 16:23:28 ERROR - jmeter.visualizers.JSR223Listener: Problem in JSR223 script JSR223 Listener javax.script.ScriptException: Both script file and script text are empty for element:JSR223 Listener
	at org.apache.jmeter.util.JSR223TestElement.processFileOrScript(JSR223TestElement.java:223)
	at org.apache.jmeter.visualizers.JSR223Listener.sampleOccurred(JSR223Listener.java:50)
	at org.apache.jmeter.threads.ListenerNotifier.notifyListeners(ListenerNotifier.java:67)
	at org.apache.jmeter.threads.JMeterThread.notifyListeners(JMeterThread.java:852)
	at org.apache.jmeter.threads.JMeterThread.executeSamplePackage(JMeterThread.java:505)
	at org.apache.jmeter.threads.JMeterThread.processSampler(JMeterThread.java:418)
	at org.apache.jmeter.threads.JMeterThread.run(JMeterThread.java:249)
	at java.lang.Thread.run(Thread.java:745)

2017/05/17 16:23:28 INFO  - jmeter.threads.JMeterThread: Thread started: Thread Group 1-18 
2017/05/17 16:23:28 ERROR - jmeter.visualizers.JSR223Listener: Problem in JSR223 script JSR223 Listener javax.script.ScriptException: Both script file and script text are empty for element:JSR223 Listener
	at org.apache.jmeter.util.JSR223TestElement.processFileOrScript(JSR223TestElement.java:223)
	at org.apache.jmeter.visualizers.JSR223Listener.sampleOccurred(JSR223Listener.java:50)
	at org.apache.jmeter.threads.ListenerNotifier.notifyListeners(ListenerNotifier.java:67)
	at org.apache.jmeter.threads.JMeterThread.notifyListeners(JMeterThread.java:852)
	at org.apache.jmeter.threads.JMeterThread.executeSamplePackage(JMeterThread.java:505)
	at org.apache.jmeter.threads.JMeterThread.processSampler(JMeterThread.java:418)
	at org.apache.jmeter.threads.JMeterThread.run(JMeterThread.java:249)
	at java.lang.Thread.run(Thread.java:745)

2017/05/17 16:23:29 ERROR - jmeter.visualizers.JSR223Listener: Problem in JSR223 script JSR223 Listener javax.script.ScriptException: Both script file and script text are empty for element:JSR223 Listener
	at org.apache.jmeter.util.JSR223TestElement.processFileOrScript(JSR223TestElement.java:223)
	at org.apache.jmeter.visualizers.JSR223Listener.sampleOccurred(JSR223Listener.java:50)
	at org.apache.jmeter.threads.ListenerNotifier.notifyListeners(ListenerNotifier.java:67)
	at org.apache.jmeter.threads.JMeterThread.notifyListeners(JMeterThread.java:852)
	at org.apache.jmeter.threads.JMeterThread.executeSamplePackage(JMeterThread.java:505)
	at org.apache.jmeter.threads.JMeterThread.processSampler(JMeterThread.java:418)
	at org.apache.jmeter.threads.JMeterThread.run(JMeterThread.java:249)
	at java.lang.Thread.run(Thread.java:745)

2017/05/17 16:23:29 INFO  - jmeter.threads.JMeterThread: Thread started: Thread Group 1-19 
2017/05/17 16:23:30 ERROR - jmeter.visualizers.JSR223Listener: Problem in JSR223 script JSR223 Listener javax.script.ScriptException: Both script file and script text are empty for element:JSR223 Listener
	at org.apache.jmeter.util.JSR223TestElement.processFileOrScript(JSR223TestElement.java:223)
	at org.apache.jmeter.visualizers.JSR223Listener.sampleOccurred(JSR223Listener.java:50)
	at org.apache.jmeter.threads.ListenerNotifier.notifyListeners(ListenerNotifier.java:67)
	at org.apache.jmeter.threads.JMeterThread.notifyListeners(JMeterThread.java:852)
	at org.apache.jmeter.threads.JMeterThread.executeSamplePackage(JMeterThread.java:505)
	at org.apache.jmeter.threads.JMeterThread.processSampler(JMeterThread.java:418)
	at org.apache.jmeter.threads.JMeterThread.run(JMeterThread.java:249)
	at java.lang.Thread.run(Thread.java:745)

2017/05/17 16:23:30 INFO  - jmeter.reporters.Summariser: summary +     66 in 00:00:19 =    3,5/s Avg:   701 Min:     0 Max:  3694 Err:    15 (22,73%) Active: 19 Started: 19 Finished: 0 
2017/05/17 16:23:30 INFO  - jmeter.threads.JMeterThread: Thread started: Thread Group 1-20 
2017/05/17 16:23:30 ERROR - jmeter.visualizers.JSR223Listener: Problem in JSR223 script JSR223 Listener javax.script.ScriptException: Both script file and script text are empty for element:JSR223 Listener
	at org.apache.jmeter.util.JSR223TestElement.processFileOrScript(JSR223TestElement.java:223)
	at org.apache.jmeter.visualizers.JSR223Listener.sampleOccurred(JSR223Listener.java:50)
	at org.apache.jmeter.threads.ListenerNotifier.notifyListeners(ListenerNotifier.java:67)
	at org.apache.jmeter.threads.JMeterThread.notifyListeners(JMeterThread.java:852)
	at org.apache.jmeter.threads.JMeterThread.executeSamplePackage(JMeterThread.java:505)
	at org.apache.jmeter.threads.JMeterThread.processSampler(JMeterThread.java:418)
	at org.apache.jmeter.threads.JMeterThread.run(JMeterThread.java:249)
	at java.lang.Thread.run(Thread.java:745)

2017/05/17 16:23:31 ERROR - jmeter.visualizers.JSR223Listener: Problem in JSR223 script JSR223 Listener javax.script.ScriptException: Both script file and script text are empty for element:JSR223 Listener
	at org.apache.jmeter.util.JSR223TestElement.processFileOrScript(JSR223TestElement.java:223)
	at org.apache.jmeter.visualizers.JSR223Listener.sampleOccurred(JSR223Listener.java:50)
	at org.apache.jmeter.threads.ListenerNotifier.notifyListeners(ListenerNotifier.java:67)
	at org.apache.jmeter.threads.JMeterThread.notifyListeners(JMeterThread.java:852)
	at org.apache.jmeter.threads.JMeterThread.executeSamplePackage(JMeterThread.java:505)
	at org.apache.jmeter.threads.JMeterThread.processSampler(JMeterThread.java:418)
	at org.apache.jmeter.threads.JMeterThread.run(JMeterThread.java:249)
	at java.lang.Thread.run(Thread.java:745)

2017/05/17 16:23:31 ERROR - jmeter.visualizers.JSR223Listener: Problem in JSR223 script JSR223 Listener javax.script.ScriptException: Both script file and script text are empty for element:JSR223 Listener
	at org.apache.jmeter.util.JSR223TestElement.processFileOrScript(JSR223TestElement.java:223)
	at org.apache.jmeter.visualizers.JSR223Listener.sampleOccurred(JSR223Listener.java:50)
	at org.apache.jmeter.threads.ListenerNotifier.notifyListeners(ListenerNotifier.java:67)
	at org.apache.jmeter.threads.JMeterThread.notifyListeners(JMeterThread.java:852)
	at org.apache.jmeter.threads.JMeterThread.executeSamplePackage(JMeterThread.java:505)
	at org.apache.jmeter.threads.JMeterThread.processSampler(JMeterThread.java:418)
	at org.apache.jmeter.threads.JMeterThread.run(JMeterThread.java:249)
	at java.lang.Thread.run(Thread.java:745)

2017/05/17 16:23:32 ERROR - jmeter.visualizers.JSR223Listener: Problem in JSR223 script JSR223 Listener javax.script.ScriptException: Both script file and script text are empty for element:JSR223 Listener
	at org.apache.jmeter.util.JSR223TestElement.processFileOrScript(JSR223TestElement.java:223)
	at org.apache.jmeter.visualizers.JSR223Listener.sampleOccurred(JSR223Listener.java:50)
	at org.apache.jmeter.threads.ListenerNotifier.notifyListeners(ListenerNotifier.java:67)
	at org.apache.jmeter.threads.JMeterThread.notifyListeners(JMeterThread.java:852)
	at org.apache.jmeter.threads.JMeterThread.executeSamplePackage(JMeterThread.java:505)
	at org.apache.jmeter.threads.JMeterThread.processSampler(JMeterThread.java:418)
	at org.apache.jmeter.threads.JMeterThread.run(JMeterThread.java:249)
	at java.lang.Thread.run(Thread.java:745)

2017/05/17 16:23:34 ERROR - jmeter.visualizers.JSR223Listener: Problem in JSR223 script JSR223 Listener javax.script.ScriptException: Both script file and script text are empty for element:JSR223 Listener
	at org.apache.jmeter.util.JSR223TestElement.processFileOrScript(JSR223TestElement.java:223)
	at org.apache.jmeter.visualizers.JSR223Listener.sampleOccurred(JSR223Listener.java:50)
	at org.apache.jmeter.threads.ListenerNotifier.notifyListeners(ListenerNotifier.java:67)
	at org.apache.jmeter.threads.JMeterThread.notifyListeners(JMeterThread.java:852)
	at org.apache.jmeter.threads.JMeterThread.executeSamplePackage(JMeterThread.java:505)
	at org.apache.jmeter.threads.JMeterThread.processSampler(JMeterThread.java:418)
	at org.apache.jmeter.threads.JMeterThread.run(JMeterThread.java:249)
	at java.lang.Thread.run(Thread.java:745)

2017/05/17 16:23:34 ERROR - jmeter.visualizers.JSR223Listener: Problem in JSR223 script JSR223 Listener javax.script.ScriptException: Both script file and script text are empty for element:JSR223 Listener
	at org.apache.jmeter.util.JSR223TestElement.processFileOrScript(JSR223TestElement.java:223)
	at org.apache.jmeter.visualizers.JSR223Listener.sampleOccurred(JSR223Listener.java:50)
	at org.apache.jmeter.threads.ListenerNotifier.notifyListeners(ListenerNotifier.java:67)
	at org.apache.jmeter.threads.JMeterThread.notifyListeners(JMeterThread.java:852)
	at org.apache.jmeter.threads.JMeterThread.executeSamplePackage(JMeterThread.java:505)
	at org.apache.jmeter.threads.JMeterThread.processSampler(JMeterThread.java:418)
	at org.apache.jmeter.threads.JMeterThread.run(JMeterThread.java:249)
	at java.lang.Thread.run(Thread.java:745)

2017/05/17 16:23:34 ERROR - jmeter.visualizers.JSR223Listener: Problem in JSR223 script JSR223 Listener javax.script.ScriptException: Both script file and script text are empty for element:JSR223 Listener
	at org.apache.jmeter.util.JSR223TestElement.processFileOrScript(JSR223TestElement.java:223)
	at org.apache.jmeter.visualizers.JSR223Listener.sampleOccurred(JSR223Listener.java:50)
	at org.apache.jmeter.threads.ListenerNotifier.notifyListeners(ListenerNotifier.java:67)
	at org.apache.jmeter.threads.JMeterThread.notifyListeners(JMeterThread.java:852)
	at org.apache.jmeter.threads.JMeterThread.executeSamplePackage(JMeterThread.java:505)
	at org.apache.jmeter.threads.JMeterThread.processSampler(JMeterThread.java:418)
	at org.apache.jmeter.threads.JMeterThread.run(JMeterThread.java:249)
	at java.lang.Thread.run(Thread.java:745)

2017/05/17 16:23:34 ERROR - jmeter.visualizers.JSR223Listener: Problem in JSR223 script JSR223 Listener javax.script.ScriptException: Both script file and script text are empty for element:JSR223 Listener
	at org.apache.jmeter.util.JSR223TestElement.processFileOrScript(JSR223TestElement.java:223)
	at org.apache.jmeter.visualizers.JSR223Listener.sampleOccurred(JSR223Listener.java:50)
	at org.apache.jmeter.threads.ListenerNotifier.notifyListeners(ListenerNotifier.java:67)
	at org.apache.jmeter.threads.JMeterThread.notifyListeners(JMeterThread.java:852)
	at org.apache.jmeter.threads.JMeterThread.executeSamplePackage(JMeterThread.java:505)
	at org.apache.jmeter.threads.JMeterThread.processSampler(JMeterThread.java:418)
	at org.apache.jmeter.threads.JMeterThread.run(JMeterThread.java:249)
	at java.lang.Thread.run(Thread.java:745)

2017/05/17 16:23:34 ERROR - jmeter.visualizers.JSR223Listener: Problem in JSR223 script JSR223 Listener javax.script.ScriptException: Both script file and script text are empty for element:JSR223 Listener
	at org.apache.jmeter.util.JSR223TestElement.processFileOrScript(JSR223TestElement.java:223)
	at org.apache.jmeter.visualizers.JSR223Listener.sampleOccurred(JSR223Listener.java:50)
	at org.apache.jmeter.threads.ListenerNotifier.notifyListeners(ListenerNotifier.java:67)
	at org.apache.jmeter.threads.JMeterThread.notifyListeners(JMeterThread.java:852)
	at org.apache.jmeter.threads.JMeterThread.executeSamplePackage(JMeterThread.java:505)
	at org.apache.jmeter.threads.JMeterThread.processSampler(JMeterThread.java:418)
	at org.apache.jmeter.threads.JMeterThread.run(JMeterThread.java:249)
	at java.lang.Thread.run(Thread.java:745)

2017/05/17 16:23:34 ERROR - jmeter.visualizers.JSR223Listener: Problem in JSR223 script JSR223 Listener javax.script.ScriptException: Both script file and script text are empty for element:JSR223 Listener
	at org.apache.jmeter.util.JSR223TestElement.processFileOrScript(JSR223TestElement.java:223)
	at org.apache.jmeter.visualizers.JSR223Listener.sampleOccurred(JSR223Listener.java:50)
	at org.apache.jmeter.threads.ListenerNotifier.notifyListeners(ListenerNotifier.java:67)
	at org.apache.jmeter.threads.JMeterThread.notifyListeners(JMeterThread.java:852)
	at org.apache.jmeter.threads.JMeterThread.executeSamplePackage(JMeterThread.java:505)
	at org.apache.jmeter.threads.JMeterThread.processSampler(JMeterThread.java:418)
	at org.apache.jmeter.threads.JMeterThread.run(JMeterThread.java:249)
	at java.lang.Thread.run(Thread.java:745)

2017/05/17 16:23:35 ERROR - jmeter.visualizers.JSR223Listener: Problem in JSR223 script JSR223 Listener javax.script.ScriptException: Both script file and script text are empty for element:JSR223 Listener
	at org.apache.jmeter.util.JSR223TestElement.processFileOrScript(JSR223TestElement.java:223)
	at org.apache.jmeter.visualizers.JSR223Listener.sampleOccurred(JSR223Listener.java:50)
	at org.apache.jmeter.threads.ListenerNotifier.notifyListeners(ListenerNotifier.java:67)
	at org.apache.jmeter.threads.JMeterThread.notifyListeners(JMeterThread.java:852)
	at org.apache.jmeter.threads.JMeterThread.executeSamplePackage(JMeterThread.java:505)
	at org.apache.jmeter.threads.JMeterThread.processSampler(JMeterThread.java:418)
	at org.apache.jmeter.threads.JMeterThread.run(JMeterThread.java:249)
	at java.lang.Thread.run(Thread.java:745)

2017/05/17 16:23:35 ERROR - jmeter.visualizers.JSR223Listener: Problem in JSR223 script JSR223 Listener javax.script.ScriptException: Both script file and script text are empty for element:JSR223 Listener
	at org.apache.jmeter.util.JSR223TestElement.processFileOrScript(JSR223TestElement.java:223)
	at org.apache.jmeter.visualizers.JSR223Listener.sampleOccurred(JSR223Listener.java:50)
	at org.apache.jmeter.threads.ListenerNotifier.notifyListeners(ListenerNotifier.java:67)
	at org.apache.jmeter.threads.JMeterThread.notifyListeners(JMeterThread.java:852)
	at org.apache.jmeter.threads.JMeterThread.executeSamplePackage(JMeterThread.java:505)
	at org.apache.jmeter.threads.JMeterThread.processSampler(JMeterThread.java:418)
	at org.apache.jmeter.threads.JMeterThread.run(JMeterThread.java:249)
	at java.lang.Thread.run(Thread.java:745)

2017/05/17 16:23:40 ERROR - jmeter.visualizers.JSR223Listener: Problem in JSR223 script JSR223 Listener javax.script.ScriptException: Both script file and script text are empty for element:JSR223 Listener
	at org.apache.jmeter.util.JSR223TestElement.processFileOrScript(JSR223TestElement.java:223)
	at org.apache.jmeter.visualizers.JSR223Listener.sampleOccurred(JSR223Listener.java:50)
	at org.apache.jmeter.threads.ListenerNotifier.notifyListeners(ListenerNotifier.java:67)
	at org.apache.jmeter.threads.JMeterThread.notifyListeners(JMeterThread.java:852)
	at org.apache.jmeter.threads.JMeterThread.executeSamplePackage(JMeterThread.java:505)
	at org.apache.jmeter.threads.JMeterThread.processSampler(JMeterThread.java:418)
	at org.apache.jmeter.threads.JMeterThread.run(JMeterThread.java:249)
	at java.lang.Thread.run(Thread.java:745)

2017/05/17 16:23:40 ERROR - jmeter.visualizers.JSR223Listener: Problem in JSR223 script JSR223 Listener javax.script.ScriptException: Both script file and script text are empty for element:JSR223 Listener
	at org.apache.jmeter.util.JSR223TestElement.processFileOrScript(JSR223TestElement.java:223)
	at org.apache.jmeter.visualizers.JSR223Listener.sampleOccurred(JSR223Listener.java:50)
	at org.apache.jmeter.threads.ListenerNotifier.notifyListeners(ListenerNotifier.java:67)
	at org.apache.jmeter.threads.JMeterThread.notifyListeners(JMeterThread.java:852)
	at org.apache.jmeter.threads.JMeterThread.executeSamplePackage(JMeterThread.java:505)
	at org.apache.jmeter.threads.JMeterThread.processSampler(JMeterThread.java:418)
	at org.apache.jmeter.threads.JMeterThread.run(JMeterThread.java:249)
	at java.lang.Thread.run(Thread.java:745)

2017/05/17 16:23:45 ERROR - jmeter.visualizers.JSR223Listener: Problem in JSR223 script JSR223 Listener javax.script.ScriptException: Both script file and script text are empty for element:JSR223 Listener
	at org.apache.jmeter.util.JSR223TestElement.processFileOrScript(JSR223TestElement.java:223)
	at org.apache.jmeter.visualizers.JSR223Listener.sampleOccurred(JSR223Listener.java:50)
	at org.apache.jmeter.threads.ListenerNotifier.notifyListeners(ListenerNotifier.java:67)
	at org.apache.jmeter.threads.JMeterThread.notifyListeners(JMeterThread.java:852)
	at org.apache.jmeter.threads.JMeterThread.executeSamplePackage(JMeterThread.java:505)
	at org.apache.jmeter.threads.JMeterThread.processSampler(JMeterThread.java:418)
	at org.apache.jmeter.threads.JMeterThread.run(JMeterThread.java:249)
	at java.lang.Thread.run(Thread.java:745)

2017/05/17 16:23:45 INFO  - jmeter.threads.JMeterThread: Thread is done: Thread Group 1-1 
2017/05/17 16:23:45 INFO  - jmeter.threads.JMeterThread: Thread finished: Thread Group 1-1 
2017/05/17 16:23:46 ERROR - jmeter.visualizers.JSR223Listener: Problem in JSR223 script JSR223 Listener javax.script.ScriptException: Both script file and script text are empty for element:JSR223 Listener
	at org.apache.jmeter.util.JSR223TestElement.processFileOrScript(JSR223TestElement.java:223)
	at org.apache.jmeter.visualizers.JSR223Listener.sampleOccurred(JSR223Listener.java:50)
	at org.apache.jmeter.threads.ListenerNotifier.notifyListeners(ListenerNotifier.java:67)
	at org.apache.jmeter.threads.JMeterThread.notifyListeners(JMeterThread.java:852)
	at org.apache.jmeter.threads.JMeterThread.executeSamplePackage(JMeterThread.java:505)
	at org.apache.jmeter.threads.JMeterThread.processSampler(JMeterThread.java:418)
	at org.apache.jmeter.threads.JMeterThread.run(JMeterThread.java:249)
	at java.lang.Thread.run(Thread.java:745)

2017/05/17 16:23:46 INFO  - jmeter.threads.JMeterThread: Thread is done: Thread Group 1-2 
2017/05/17 16:23:46 INFO  - jmeter.threads.JMeterThread: Thread finished: Thread Group 1-2 
2017/05/17 16:23:47 ERROR - jmeter.visualizers.JSR223Listener: Problem in JSR223 script JSR223 Listener javax.script.ScriptException: Both script file and script text are empty for element:JSR223 Listener
	at org.apache.jmeter.util.JSR223TestElement.processFileOrScript(JSR223TestElement.java:223)
	at org.apache.jmeter.visualizers.JSR223Listener.sampleOccurred(JSR223Listener.java:50)
	at org.apache.jmeter.threads.ListenerNotifier.notifyListeners(ListenerNotifier.java:67)
	at org.apache.jmeter.threads.JMeterThread.notifyListeners(JMeterThread.java:852)
	at org.apache.jmeter.threads.JMeterThread.executeSamplePackage(JMeterThread.java:505)
	at org.apache.jmeter.threads.JMeterThread.processSampler(JMeterThread.java:418)
	at org.apache.jmeter.threads.JMeterThread.run(JMeterThread.java:249)
	at java.lang.Thread.run(Thread.java:745)

2017/05/17 16:23:47 INFO  - jmeter.threads.JMeterThread: Thread is done: Thread Group 1-3 
2017/05/17 16:23:47 INFO  - jmeter.threads.JMeterThread: Thread finished: Thread Group 1-3 
2017/05/17 16:23:47 ERROR - jmeter.visualizers.JSR223Listener: Problem in JSR223 script JSR223 Listener javax.script.ScriptException: Both script file and script text are empty for element:JSR223 Listener
	at org.apache.jmeter.util.JSR223TestElement.processFileOrScript(JSR223TestElement.java:223)
	at org.apache.jmeter.visualizers.JSR223Listener.sampleOccurred(JSR223Listener.java:50)
	at org.apache.jmeter.threads.ListenerNotifier.notifyListeners(ListenerNotifier.java:67)
	at org.apache.jmeter.threads.JMeterThread.notifyListeners(JMeterThread.java:852)
	at org.apache.jmeter.threads.JMeterThread.executeSamplePackage(JMeterThread.java:505)
	at org.apache.jmeter.threads.JMeterThread.processSampler(JMeterThread.java:418)
	at org.apache.jmeter.threads.JMeterThread.run(JMeterThread.java:249)
	at java.lang.Thread.run(Thread.java:745)

2017/05/17 16:23:47 INFO  - jmeter.threads.JMeterThread: Thread is done: Thread Group 1-4 
2017/05/17 16:23:47 INFO  - jmeter.threads.JMeterThread: Thread finished: Thread Group 1-4 
2017/05/17 16:23:50 ERROR - jmeter.visualizers.JSR223Listener: Problem in JSR223 script JSR223 Listener javax.script.ScriptException: Both script file and script text are empty for element:JSR223 Listener
	at org.apache.jmeter.util.JSR223TestElement.processFileOrScript(JSR223TestElement.java:223)
	at org.apache.jmeter.visualizers.JSR223Listener.sampleOccurred(JSR223Listener.java:50)
	at org.apache.jmeter.threads.ListenerNotifier.notifyListeners(ListenerNotifier.java:67)
	at org.apache.jmeter.threads.JMeterThread.notifyListeners(JMeterThread.java:852)
	at org.apache.jmeter.threads.JMeterThread.executeSamplePackage(JMeterThread.java:505)
	at org.apache.jmeter.threads.JMeterThread.processSampler(JMeterThread.java:418)
	at org.apache.jmeter.threads.JMeterThread.run(JMeterThread.java:249)
	at java.lang.Thread.run(Thread.java:745)

2017/05/17 16:23:50 INFO  - jmeter.threads.JMeterThread: Thread is done: Thread Group 1-6 
2017/05/17 16:23:50 INFO  - jmeter.threads.JMeterThread: Thread finished: Thread Group 1-6 
2017/05/17 16:23:51 ERROR - jmeter.visualizers.JSR223Listener: Problem in JSR223 script JSR223 Listener javax.script.ScriptException: Both script file and script text are empty for element:JSR223 Listener
	at org.apache.jmeter.util.JSR223TestElement.processFileOrScript(JSR223TestElement.java:223)
	at org.apache.jmeter.visualizers.JSR223Listener.sampleOccurred(JSR223Listener.java:50)
	at org.apache.jmeter.threads.ListenerNotifier.notifyListeners(ListenerNotifier.java:67)
	at org.apache.jmeter.threads.JMeterThread.notifyListeners(JMeterThread.java:852)
	at org.apache.jmeter.threads.JMeterThread.executeSamplePackage(JMeterThread.java:505)
	at org.apache.jmeter.threads.JMeterThread.processSampler(JMeterThread.java:418)
	at org.apache.jmeter.threads.JMeterThread.run(JMeterThread.java:249)
	at java.lang.Thread.run(Thread.java:745)

2017/05/17 16:23:51 INFO  - jmeter.threads.JMeterThread: Thread is done: Thread Group 1-7 
2017/05/17 16:23:51 INFO  - jmeter.threads.JMeterThread: Thread finished: Thread Group 1-7 
2017/05/17 16:23:51 ERROR - jmeter.visualizers.JSR223Listener: Problem in JSR223 script JSR223 Listener javax.script.ScriptException: Both script file and script text are empty for element:JSR223 Listener
	at org.apache.jmeter.util.JSR223TestElement.processFileOrScript(JSR223TestElement.java:223)
	at org.apache.jmeter.visualizers.JSR223Listener.sampleOccurred(JSR223Listener.java:50)
	at org.apache.jmeter.threads.ListenerNotifier.notifyListeners(ListenerNotifier.java:67)
	at org.apache.jmeter.threads.JMeterThread.notifyListeners(JMeterThread.java:852)
	at org.apache.jmeter.threads.JMeterThread.executeSamplePackage(JMeterThread.java:505)
	at org.apache.jmeter.threads.JMeterThread.processSampler(JMeterThread.java:418)
	at org.apache.jmeter.threads.JMeterThread.run(JMeterThread.java:249)
	at java.lang.Thread.run(Thread.java:745)

2017/05/17 16:23:51 INFO  - jmeter.threads.JMeterThread: Thread is done: Thread Group 1-5 
2017/05/17 16:23:51 INFO  - jmeter.threads.JMeterThread: Thread finished: Thread Group 1-5 
2017/05/17 16:23:52 ERROR - jmeter.visualizers.JSR223Listener: Problem in JSR223 script JSR223 Listener javax.script.ScriptException: Both script file and script text are empty for element:JSR223 Listener
	at org.apache.jmeter.util.JSR223TestElement.processFileOrScript(JSR223TestElement.java:223)
	at org.apache.jmeter.visualizers.JSR223Listener.sampleOccurred(JSR223Listener.java:50)
	at org.apache.jmeter.threads.ListenerNotifier.notifyListeners(ListenerNotifier.java:67)
	at org.apache.jmeter.threads.JMeterThread.notifyListeners(JMeterThread.java:852)
	at org.apache.jmeter.threads.JMeterThread.executeSamplePackage(JMeterThread.java:505)
	at org.apache.jmeter.threads.JMeterThread.processSampler(JMeterThread.java:418)
	at org.apache.jmeter.threads.JMeterThread.run(JMeterThread.java:249)
	at java.lang.Thread.run(Thread.java:745)

2017/05/17 16:23:52 INFO  - jmeter.threads.JMeterThread: Thread is done: Thread Group 1-8 
2017/05/17 16:23:52 INFO  - jmeter.threads.JMeterThread: Thread finished: Thread Group 1-8 
2017/05/17 16:23:53 ERROR - jmeter.visualizers.JSR223Listener: Problem in JSR223 script JSR223 Listener javax.script.ScriptException: Both script file and script text are empty for element:JSR223 Listener
	at org.apache.jmeter.util.JSR223TestElement.processFileOrScript(JSR223TestElement.java:223)
	at org.apache.jmeter.visualizers.JSR223Listener.sampleOccurred(JSR223Listener.java:50)
	at org.apache.jmeter.threads.ListenerNotifier.notifyListeners(ListenerNotifier.java:67)
	at org.apache.jmeter.threads.JMeterThread.notifyListeners(JMeterThread.java:852)
	at org.apache.jmeter.threads.JMeterThread.executeSamplePackage(JMeterThread.java:505)
	at org.apache.jmeter.threads.JMeterThread.processSampler(JMeterThread.java:418)
	at org.apache.jmeter.threads.JMeterThread.run(JMeterThread.java:249)
	at java.lang.Thread.run(Thread.java:745)

2017/05/17 16:23:53 INFO  - jmeter.threads.JMeterThread: Thread is done: Thread Group 1-9 
2017/05/17 16:23:53 INFO  - jmeter.threads.JMeterThread: Thread finished: Thread Group 1-9 
2017/05/17 16:23:53 ERROR - jmeter.visualizers.JSR223Listener: Problem in JSR223 script JSR223 Listener javax.script.ScriptException: Both script file and script text are empty for element:JSR223 Listener
	at org.apache.jmeter.util.JSR223TestElement.processFileOrScript(JSR223TestElement.java:223)
	at org.apache.jmeter.visualizers.JSR223Listener.sampleOccurred(JSR223Listener.java:50)
	at org.apache.jmeter.threads.ListenerNotifier.notifyListeners(ListenerNotifier.java:67)
	at org.apache.jmeter.threads.JMeterThread.notifyListeners(JMeterThread.java:852)
	at org.apache.jmeter.threads.JMeterThread.executeSamplePackage(JMeterThread.java:505)
	at org.apache.jmeter.threads.JMeterThread.processSampler(JMeterThread.java:418)
	at org.apache.jmeter.threads.JMeterThread.run(JMeterThread.java:249)
	at java.lang.Thread.run(Thread.java:745)

2017/05/17 16:23:53 INFO  - jmeter.threads.JMeterThread: Thread is done: Thread Group 1-10 
2017/05/17 16:23:53 INFO  - jmeter.threads.JMeterThread: Thread finished: Thread Group 1-10 
2017/05/17 16:23:54 ERROR - jmeter.visualizers.JSR223Listener: Problem in JSR223 script JSR223 Listener javax.script.ScriptException: Both script file and script text are empty for element:JSR223 Listener
	at org.apache.jmeter.util.JSR223TestElement.processFileOrScript(JSR223TestElement.java:223)
	at org.apache.jmeter.visualizers.JSR223Listener.sampleOccurred(JSR223Listener.java:50)
	at org.apache.jmeter.threads.ListenerNotifier.notifyListeners(ListenerNotifier.java:67)
	at org.apache.jmeter.threads.JMeterThread.notifyListeners(JMeterThread.java:852)
	at org.apache.jmeter.threads.JMeterThread.executeSamplePackage(JMeterThread.java:505)
	at org.apache.jmeter.threads.JMeterThread.processSampler(JMeterThread.java:418)
	at org.apache.jmeter.threads.JMeterThread.run(JMeterThread.java:249)
	at java.lang.Thread.run(Thread.java:745)

2017/05/17 16:23:54 INFO  - jmeter.threads.JMeterThread: Thread is done: Thread Group 1-11 
2017/05/17 16:23:54 INFO  - jmeter.threads.JMeterThread: Thread finished: Thread Group 1-11 
2017/05/17 16:23:55 ERROR - jmeter.visualizers.JSR223Listener: Problem in JSR223 script JSR223 Listener javax.script.ScriptException: Both script file and script text are empty for element:JSR223 Listener
	at org.apache.jmeter.util.JSR223TestElement.processFileOrScript(JSR223TestElement.java:223)
	at org.apache.jmeter.visualizers.JSR223Listener.sampleOccurred(JSR223Listener.java:50)
	at org.apache.jmeter.threads.ListenerNotifier.notifyListeners(ListenerNotifier.java:67)
	at org.apache.jmeter.threads.JMeterThread.notifyListeners(JMeterThread.java:852)
	at org.apache.jmeter.threads.JMeterThread.executeSamplePackage(JMeterThread.java:505)
	at org.apache.jmeter.threads.JMeterThread.processSampler(JMeterThread.java:418)
	at org.apache.jmeter.threads.JMeterThread.run(JMeterThread.java:249)
	at java.lang.Thread.run(Thread.java:745)

2017/05/17 16:23:55 INFO  - jmeter.threads.JMeterThread: Thread is done: Thread Group 1-12 
2017/05/17 16:23:55 INFO  - jmeter.threads.JMeterThread: Thread finished: Thread Group 1-12 
2017/05/17 16:23:56 ERROR - jmeter.visualizers.JSR223Listener: Problem in JSR223 script JSR223 Listener javax.script.ScriptException: Both script file and script text are empty for element:JSR223 Listener
	at org.apache.jmeter.util.JSR223TestElement.processFileOrScript(JSR223TestElement.java:223)
	at org.apache.jmeter.visualizers.JSR223Listener.sampleOccurred(JSR223Listener.java:50)
	at org.apache.jmeter.threads.ListenerNotifier.notifyListeners(ListenerNotifier.java:67)
	at org.apache.jmeter.threads.JMeterThread.notifyListeners(JMeterThread.java:852)
	at org.apache.jmeter.threads.JMeterThread.executeSamplePackage(JMeterThread.java:505)
	at org.apache.jmeter.threads.JMeterThread.processSampler(JMeterThread.java:418)
	at org.apache.jmeter.threads.JMeterThread.run(JMeterThread.java:249)
	at java.lang.Thread.run(Thread.java:745)

2017/05/17 16:23:56 INFO  - jmeter.threads.JMeterThread: Thread is done: Thread Group 1-13 
2017/05/17 16:23:56 INFO  - jmeter.threads.JMeterThread: Thread finished: Thread Group 1-13 
2017/05/17 16:23:59 ERROR - jmeter.visualizers.JSR223Listener: Problem in JSR223 script JSR223 Listener javax.script.ScriptException: Both script file and script text are empty for element:JSR223 Listener
	at org.apache.jmeter.util.JSR223TestElement.processFileOrScript(JSR223TestElement.java:223)
	at org.apache.jmeter.visualizers.JSR223Listener.sampleOccurred(JSR223Listener.java:50)
	at org.apache.jmeter.threads.ListenerNotifier.notifyListeners(ListenerNotifier.java:67)
	at org.apache.jmeter.threads.JMeterThread.notifyListeners(JMeterThread.java:852)
	at org.apache.jmeter.threads.JMeterThread.executeSamplePackage(JMeterThread.java:505)
	at org.apache.jmeter.threads.JMeterThread.processSampler(JMeterThread.java:418)
	at org.apache.jmeter.threads.JMeterThread.run(JMeterThread.java:249)
	at java.lang.Thread.run(Thread.java:745)

2017/05/17 16:23:59 INFO  - jmeter.threads.JMeterThread: Thread is done: Thread Group 1-15 
2017/05/17 16:23:59 INFO  - jmeter.threads.JMeterThread: Thread finished: Thread Group 1-15 
2017/05/17 16:23:59 ERROR - jmeter.visualizers.JSR223Listener: Problem in JSR223 script JSR223 Listener javax.script.ScriptException: Both script file and script text are empty for element:JSR223 Listener
	at org.apache.jmeter.util.JSR223TestElement.processFileOrScript(JSR223TestElement.java:223)
	at org.apache.jmeter.visualizers.JSR223Listener.sampleOccurred(JSR223Listener.java:50)
	at org.apache.jmeter.threads.ListenerNotifier.notifyListeners(ListenerNotifier.java:67)
	at org.apache.jmeter.threads.JMeterThread.notifyListeners(JMeterThread.java:852)
	at org.apache.jmeter.threads.JMeterThread.executeSamplePackage(JMeterThread.java:505)
	at org.apache.jmeter.threads.JMeterThread.processSampler(JMeterThread.java:418)
	at org.apache.jmeter.threads.JMeterThread.run(JMeterThread.java:249)
	at java.lang.Thread.run(Thread.java:745)

2017/05/17 16:23:59 INFO  - jmeter.threads.JMeterThread: Thread is done: Thread Group 1-14 
2017/05/17 16:23:59 INFO  - jmeter.threads.JMeterThread: Thread finished: Thread Group 1-14 
2017/05/17 16:24:06 ERROR - jmeter.visualizers.JSR223Listener: Problem in JSR223 script JSR223 Listener javax.script.ScriptException: Both script file and script text are empty for element:JSR223 Listener
	at org.apache.jmeter.util.JSR223TestElement.processFileOrScript(JSR223TestElement.java:223)
	at org.apache.jmeter.visualizers.JSR223Listener.sampleOccurred(JSR223Listener.java:50)
	at org.apache.jmeter.threads.ListenerNotifier.notifyListeners(ListenerNotifier.java:67)
	at org.apache.jmeter.threads.JMeterThread.notifyListeners(JMeterThread.java:852)
	at org.apache.jmeter.threads.JMeterThread.executeSamplePackage(JMeterThread.java:505)
	at org.apache.jmeter.threads.JMeterThread.processSampler(JMeterThread.java:418)
	at org.apache.jmeter.threads.JMeterThread.run(JMeterThread.java:249)
	at java.lang.Thread.run(Thread.java:745)

2017/05/17 16:24:06 INFO  - jmeter.threads.JMeterThread: Thread is done: Thread Group 1-16 
2017/05/17 16:24:06 INFO  - jmeter.threads.JMeterThread: Thread finished: Thread Group 1-16 
2017/05/17 16:24:06 ERROR - jmeter.visualizers.JSR223Listener: Problem in JSR223 script JSR223 Listener javax.script.ScriptException: Both script file and script text are empty for element:JSR223 Listener
	at org.apache.jmeter.util.JSR223TestElement.processFileOrScript(JSR223TestElement.java:223)
	at org.apache.jmeter.visualizers.JSR223Listener.sampleOccurred(JSR223Listener.java:50)
	at org.apache.jmeter.threads.ListenerNotifier.notifyListeners(ListenerNotifier.java:67)
	at org.apache.jmeter.threads.JMeterThread.notifyListeners(JMeterThread.java:852)
	at org.apache.jmeter.threads.JMeterThread.executeSamplePackage(JMeterThread.java:505)
	at org.apache.jmeter.threads.JMeterThread.processSampler(JMeterThread.java:418)
	at org.apache.jmeter.threads.JMeterThread.run(JMeterThread.java:249)
	at java.lang.Thread.run(Thread.java:745)

2017/05/17 16:24:06 INFO  - jmeter.threads.JMeterThread: Thread is done: Thread Group 1-18 
2017/05/17 16:24:06 INFO  - jmeter.threads.JMeterThread: Thread finished: Thread Group 1-18 
2017/05/17 16:24:06 ERROR - jmeter.visualizers.JSR223Listener: Problem in JSR223 script JSR223 Listener javax.script.ScriptException: Both script file and script text are empty for element:JSR223 Listener
	at org.apache.jmeter.util.JSR223TestElement.processFileOrScript(JSR223TestElement.java:223)
	at org.apache.jmeter.visualizers.JSR223Listener.sampleOccurred(JSR223Listener.java:50)
	at org.apache.jmeter.threads.ListenerNotifier.notifyListeners(ListenerNotifier.java:67)
	at org.apache.jmeter.threads.JMeterThread.notifyListeners(JMeterThread.java:852)
	at org.apache.jmeter.threads.JMeterThread.executeSamplePackage(JMeterThread.java:505)
	at org.apache.jmeter.threads.JMeterThread.processSampler(JMeterThread.java:418)
	at org.apache.jmeter.threads.JMeterThread.run(JMeterThread.java:249)
	at java.lang.Thread.run(Thread.java:745)

2017/05/17 16:24:06 INFO  - jmeter.threads.JMeterThread: Thread is done: Thread Group 1-19 
2017/05/17 16:24:06 INFO  - jmeter.threads.JMeterThread: Thread finished: Thread Group 1-19 
2017/05/17 16:24:07 ERROR - jmeter.visualizers.JSR223Listener: Problem in JSR223 script JSR223 Listener javax.script.ScriptException: Both script file and script text are empty for element:JSR223 Listener
	at org.apache.jmeter.util.JSR223TestElement.processFileOrScript(JSR223TestElement.java:223)
	at org.apache.jmeter.visualizers.JSR223Listener.sampleOccurred(JSR223Listener.java:50)
	at org.apache.jmeter.threads.ListenerNotifier.notifyListeners(ListenerNotifier.java:67)
	at org.apache.jmeter.threads.JMeterThread.notifyListeners(JMeterThread.java:852)
	at org.apache.jmeter.threads.JMeterThread.executeSamplePackage(JMeterThread.java:505)
	at org.apache.jmeter.threads.JMeterThread.processSampler(JMeterThread.java:418)
	at org.apache.jmeter.threads.JMeterThread.run(JMeterThread.java:249)
	at java.lang.Thread.run(Thread.java:745)

2017/05/17 16:24:07 INFO  - jmeter.threads.JMeterThread: Thread is done: Thread Group 1-20 
2017/05/17 16:24:07 INFO  - jmeter.threads.JMeterThread: Thread finished: Thread Group 1-20 
2017/05/17 16:24:11 ERROR - jmeter.visualizers.JSR223Listener: Problem in JSR223 script JSR223 Listener javax.script.ScriptException: Both script file and script text are empty for element:JSR223 Listener
	at org.apache.jmeter.util.JSR223TestElement.processFileOrScript(JSR223TestElement.java:223)
	at org.apache.jmeter.visualizers.JSR223Listener.sampleOccurred(JSR223Listener.java:50)
	at org.apache.jmeter.threads.ListenerNotifier.notifyListeners(ListenerNotifier.java:67)
	at org.apache.jmeter.threads.JMeterThread.notifyListeners(JMeterThread.java:852)
	at org.apache.jmeter.threads.JMeterThread.executeSamplePackage(JMeterThread.java:505)
	at org.apache.jmeter.threads.JMeterThread.processSampler(JMeterThread.java:418)
	at org.apache.jmeter.threads.JMeterThread.run(JMeterThread.java:249)
	at java.lang.Thread.run(Thread.java:745)

2017/05/17 16:24:11 INFO  - jmeter.threads.JMeterThread: Thread is done: Thread Group 1-17 
2017/05/17 16:24:11 INFO  - jmeter.threads.JMeterThread: Thread finished: Thread Group 1-17 
2017/05/17 16:24:11 INFO  - jmeter.engine.StandardJMeterEngine: Notifying test listeners of end of test 
2017/05/17 16:24:11 INFO  - jmeter.reporters.Summariser: summary +     34 in 00:00:41 =    0,8/s Avg: 19170 Min:     0 Max: 32094 Err:     5 (14,71%) Active: 0 Started: 20 Finished: 20 
2017/05/17 16:24:11 INFO  - jmeter.reporters.Summariser: summary =    100 in 00:01:00 =    1,7/s Avg:  6980 Min:     0 Max: 32094 Err:    20 (20,00%) 
